LINE 497 : 2020-06-19 11:12:40,424 [INFO    ] Parsing data files for GSEA.............................
LINE 135 : 2020-06-19 11:13:01,305 [INFO    ] 0137 gene_sets have been filtered out when max_size=500 and min_size=1
LINE 501 : 2020-06-19 11:13:01,305 [INFO    ] 2263 gene_sets used for further statistical testing.....
LINE 502 : 2020-06-19 11:13:01,305 [INFO    ] Start to run GSEA...Might take a while..................
LINE 464 : 2020-06-19 11:13:01,385 [DEBUG   ] Start to compute enrichment scores......................
LINE 488 : 2020-06-19 11:13:01,386 [DEBUG   ] Start to compute es and esnulls........................
LINE 638 : 2020-06-19 11:27:42,535 [DEBUG   ] Start to compute pvals..................................
LINE 642 : 2020-06-19 11:27:42,551 [DEBUG   ] Start to compute nes and nesnull........................
LINE 653 : 2020-06-19 11:27:42,582 [DEBUG   ] Start to compute fdrs..................................
LINE 620 : 2020-06-19 11:27:42,833 [DEBUG   ] Statistical testing finished.............................
LINE 510 : 2020-06-19 11:27:42,835 [INFO    ] Start to generate gseapy reports, and produce figures...
LINE 522 : 2020-06-19 11:27:43,165 [INFO    ] Congratulations. GSEApy runs successfully................

LINE 497 : 2020-06-19 11:27:43,177 [INFO    ] Parsing data files for GSEA.............................
LINE 135 : 2020-06-19 11:27:59,051 [INFO    ] 0257 gene_sets have been filtered out when max_size=500 and min_size=1
LINE 501 : 2020-06-19 11:27:59,051 [INFO    ] 2143 gene_sets used for further statistical testing.....
LINE 502 : 2020-06-19 11:27:59,051 [INFO    ] Start to run GSEA...Might take a while..................
LINE 464 : 2020-06-19 11:27:59,052 [DEBUG   ] Start to compute enrichment scores......................
LINE 488 : 2020-06-19 11:27:59,052 [DEBUG   ] Start to compute es and esnulls........................
LINE 638 : 2020-06-19 11:45:13,746 [DEBUG   ] Start to compute pvals..................................
LINE 642 : 2020-06-19 11:45:13,759 [DEBUG   ] Start to compute nes and nesnull........................
LINE 653 : 2020-06-19 11:45:13,787 [DEBUG   ] Start to compute fdrs..................................
LINE 620 : 2020-06-19 11:45:14,015 [DEBUG   ] Statistical testing finished.............................
LINE 510 : 2020-06-19 11:45:14,018 [INFO    ] Start to generate gseapy reports, and produce figures...
LINE 522 : 2020-06-19 11:45:14,356 [INFO    ] Congratulations. GSEApy runs successfully................

LINE 497 : 2020-06-19 11:45:14,950 [INFO    ] Parsing data files for GSEA.............................
LINE 135 : 2020-06-19 11:45:37,002 [INFO    ] 0211 gene_sets have been filtered out when max_size=500 and min_size=1
LINE 501 : 2020-06-19 11:45:37,002 [INFO    ] 2189 gene_sets used for further statistical testing.....
LINE 502 : 2020-06-19 11:45:37,002 [INFO    ] Start to run GSEA...Might take a while..................
LINE 464 : 2020-06-19 11:45:37,003 [DEBUG   ] Start to compute enrichment scores......................
LINE 488 : 2020-06-19 11:45:37,003 [DEBUG   ] Start to compute es and esnulls........................
LINE 638 : 2020-06-19 11:59:42,581 [DEBUG   ] Start to compute pvals..................................
LINE 642 : 2020-06-19 11:59:42,595 [DEBUG   ] Start to compute nes and nesnull........................
LINE 653 : 2020-06-19 11:59:42,625 [DEBUG   ] Start to compute fdrs..................................
LINE 620 : 2020-06-19 11:59:42,873 [DEBUG   ] Statistical testing finished.............................
LINE 510 : 2020-06-19 11:59:42,876 [INFO    ] Start to generate gseapy reports, and produce figures...
LINE 522 : 2020-06-19 11:59:43,189 [INFO    ] Congratulations. GSEApy runs successfully................

LINE 497 : 2020-06-19 11:59:47,980 [INFO    ] Parsing data files for GSEA.............................
LINE 135 : 2020-06-19 12:00:09,677 [INFO    ] 0190 gene_sets have been filtered out when max_size=500 and min_size=1
LINE 501 : 2020-06-19 12:00:09,677 [INFO    ] 2210 gene_sets used for further statistical testing.....
LINE 502 : 2020-06-19 12:00:09,677 [INFO    ] Start to run GSEA...Might take a while..................
LINE 464 : 2020-06-19 12:00:09,677 [DEBUG   ] Start to compute enrichment scores......................
LINE 488 : 2020-06-19 12:00:09,678 [DEBUG   ] Start to compute es and esnulls........................
LINE 638 : 2020-06-19 12:24:19,298 [DEBUG   ] Start to compute pvals..................................
LINE 642 : 2020-06-19 12:24:19,315 [DEBUG   ] Start to compute nes and nesnull........................
LINE 653 : 2020-06-19 12:24:19,376 [DEBUG   ] Start to compute fdrs..................................
LINE 620 : 2020-06-19 12:24:19,634 [DEBUG   ] Statistical testing finished.............................
LINE 510 : 2020-06-19 12:24:19,648 [INFO    ] Start to generate gseapy reports, and produce figures...
LINE 522 : 2020-06-19 12:24:19,993 [INFO    ] Congratulations. GSEApy runs successfully................

LINE 497 : 2020-06-19 12:24:20,597 [INFO    ] Parsing data files for GSEA.............................
LINE 135 : 2020-06-19 12:24:44,277 [INFO    ] 0149 gene_sets have been filtered out when max_size=500 and min_size=1
LINE 501 : 2020-06-19 12:24:44,278 [INFO    ] 2251 gene_sets used for further statistical testing.....
LINE 502 : 2020-06-19 12:24:44,278 [INFO    ] Start to run GSEA...Might take a while..................
LINE 464 : 2020-06-19 12:24:44,282 [DEBUG   ] Start to compute enrichment scores......................
LINE 488 : 2020-06-19 12:24:44,282 [DEBUG   ] Start to compute es and esnulls........................
LINE 638 : 2020-06-19 12:41:30,567 [DEBUG   ] Start to compute pvals..................................
LINE 642 : 2020-06-19 12:41:30,584 [DEBUG   ] Start to compute nes and nesnull........................
LINE 653 : 2020-06-19 12:41:30,660 [DEBUG   ] Start to compute fdrs..................................
LINE 620 : 2020-06-19 12:41:30,907 [DEBUG   ] Statistical testing finished.............................
LINE 510 : 2020-06-19 12:41:30,924 [INFO    ] Start to generate gseapy reports, and produce figures...
LINE 522 : 2020-06-19 12:41:31,267 [INFO    ] Congratulations. GSEApy runs successfully................

LINE 497 : 2020-06-19 12:41:38,173 [INFO    ] Parsing data files for GSEA.............................
LINE 135 : 2020-06-19 12:41:58,592 [INFO    ] 0173 gene_sets have been filtered out when max_size=500 and min_size=1
LINE 501 : 2020-06-19 12:41:58,592 [INFO    ] 2227 gene_sets used for further statistical testing.....
LINE 502 : 2020-06-19 12:41:58,592 [INFO    ] Start to run GSEA...Might take a while..................
LINE 464 : 2020-06-19 12:41:58,593 [DEBUG   ] Start to compute enrichment scores......................
LINE 488 : 2020-06-19 12:41:58,593 [DEBUG   ] Start to compute es and esnulls........................
LINE 638 : 2020-06-19 13:05:42,565 [DEBUG   ] Start to compute pvals..................................
LINE 642 : 2020-06-19 13:05:42,582 [DEBUG   ] Start to compute nes and nesnull........................
LINE 653 : 2020-06-19 13:05:42,639 [DEBUG   ] Start to compute fdrs..................................
LINE 620 : 2020-06-19 13:05:42,877 [DEBUG   ] Statistical testing finished.............................
LINE 510 : 2020-06-19 13:05:42,892 [INFO    ] Start to generate gseapy reports, and produce figures...
LINE 522 : 2020-06-19 13:05:43,354 [INFO    ] Congratulations. GSEApy runs successfully................

LINE 497 : 2020-06-19 13:05:44,944 [INFO    ] Parsing data files for GSEA.............................
LINE 135 : 2020-06-19 13:06:05,152 [INFO    ] 0187 gene_sets have been filtered out when max_size=500 and min_size=1
LINE 501 : 2020-06-19 13:06:05,152 [INFO    ] 2213 gene_sets used for further statistical testing.....
LINE 502 : 2020-06-19 13:06:05,152 [INFO    ] Start to run GSEA...Might take a while..................
LINE 464 : 2020-06-19 13:06:05,153 [DEBUG   ] Start to compute enrichment scores......................
LINE 488 : 2020-06-19 13:06:05,153 [DEBUG   ] Start to compute es and esnulls........................
LINE 638 : 2020-06-19 13:19:23,297 [DEBUG   ] Start to compute pvals..................................
LINE 642 : 2020-06-19 13:19:23,311 [DEBUG   ] Start to compute nes and nesnull........................
LINE 653 : 2020-06-19 13:19:23,341 [DEBUG   ] Start to compute fdrs..................................
LINE 620 : 2020-06-19 13:19:23,588 [DEBUG   ] Statistical testing finished.............................
LINE 510 : 2020-06-19 13:19:23,592 [INFO    ] Start to generate gseapy reports, and produce figures...
LINE 522 : 2020-06-19 13:19:23,906 [INFO    ] Congratulations. GSEApy runs successfully................

LINE 497 : 2020-06-19 13:19:30,850 [INFO    ] Parsing data files for GSEA.............................
LINE 135 : 2020-06-19 13:19:51,556 [INFO    ] 0202 gene_sets have been filtered out when max_size=500 and min_size=1
LINE 501 : 2020-06-19 13:19:51,556 [INFO    ] 2198 gene_sets used for further statistical testing.....
LINE 502 : 2020-06-19 13:19:51,556 [INFO    ] Start to run GSEA...Might take a while..................
LINE 464 : 2020-06-19 13:19:51,557 [DEBUG   ] Start to compute enrichment scores......................
LINE 488 : 2020-06-19 13:19:51,557 [DEBUG   ] Start to compute es and esnulls........................
LINE 638 : 2020-06-19 13:40:02,725 [DEBUG   ] Start to compute pvals..................................
LINE 642 : 2020-06-19 13:40:02,741 [DEBUG   ] Start to compute nes and nesnull........................
LINE 653 : 2020-06-19 13:40:02,796 [DEBUG   ] Start to compute fdrs..................................
LINE 620 : 2020-06-19 13:40:03,033 [DEBUG   ] Statistical testing finished.............................
LINE 510 : 2020-06-19 13:40:03,043 [INFO    ] Start to generate gseapy reports, and produce figures...
LINE 522 : 2020-06-19 13:40:03,376 [INFO    ] Congratulations. GSEApy runs successfully................

