LINE 402 : 2020-06-17 13:21:42,493 [INFO    ] Parsing data files for GSEA.............................
LINE 380 : 2020-06-17 13:21:42,500 [WARNING ] Warning: Input data contains NA, filled NA with 0
LINE 129 : 2020-06-17 13:21:42,548 [INFO    ] Note: NumExpr detected 32 cores but "NUMEXPR_MAX_THREADS" not set, so enforcing safe limit of 8.
LINE 135 : 2020-06-17 13:22:06,582 [INFO    ] 0149 gene_sets have been filtered out when max_size=500 and min_size=1
LINE 416 : 2020-06-17 13:22:06,583 [INFO    ] 2251 gene_sets used for further statistical testing.....
LINE 417 : 2020-06-17 13:22:06,583 [INFO    ] Start to run GSEA...Might take a while..................
LINE 367 : 2020-06-17 13:22:06,584 [DEBUG   ] Start to permutate classes..............................
LINE 387 : 2020-06-17 13:22:57,030 [DEBUG   ] Start to compute es and esnulls........................
LINE 638 : 2020-06-17 13:42:22,183 [DEBUG   ] Start to compute pvals..................................
LINE 642 : 2020-06-17 13:42:22,213 [DEBUG   ] Start to compute nes and nesnull........................
LINE 653 : 2020-06-17 13:42:22,281 [DEBUG   ] Start to compute fdrs..................................
LINE 620 : 2020-06-17 13:42:22,811 [DEBUG   ] Statistical testing finished.............................
LINE 430 : 2020-06-17 13:42:31,757 [INFO    ] Start to generate GSEApy reports and figures............
LINE 445 : 2020-06-17 13:42:32,043 [INFO    ] Congratulations. GSEApy ran successfully.................

LINE 402 : 2020-06-17 13:42:32,047 [INFO    ] Parsing data files for GSEA.............................
LINE 380 : 2020-06-17 13:42:32,053 [WARNING ] Warning: Input data contains NA, filled NA with 0
LINE 135 : 2020-06-17 13:42:54,292 [INFO    ] 0173 gene_sets have been filtered out when max_size=500 and min_size=1
LINE 416 : 2020-06-17 13:42:54,292 [INFO    ] 2227 gene_sets used for further statistical testing.....
LINE 417 : 2020-06-17 13:42:54,292 [INFO    ] Start to run GSEA...Might take a while..................
LINE 367 : 2020-06-17 13:42:54,293 [DEBUG   ] Start to permutate classes..............................
LINE 387 : 2020-06-17 13:43:44,043 [DEBUG   ] Start to compute es and esnulls........................
LINE 638 : 2020-06-17 14:01:14,294 [DEBUG   ] Start to compute pvals..................................
LINE 642 : 2020-06-17 14:01:14,323 [DEBUG   ] Start to compute nes and nesnull........................
LINE 653 : 2020-06-17 14:01:14,392 [DEBUG   ] Start to compute fdrs..................................
LINE 620 : 2020-06-17 14:01:14,919 [DEBUG   ] Statistical testing finished.............................
LINE 430 : 2020-06-17 14:01:22,106 [INFO    ] Start to generate GSEApy reports and figures............
LINE 445 : 2020-06-17 14:01:22,384 [INFO    ] Congratulations. GSEApy ran successfully.................

LINE 402 : 2020-06-17 14:01:22,397 [INFO    ] Parsing data files for GSEA.............................
LINE 380 : 2020-06-17 14:01:22,402 [WARNING ] Warning: Input data contains NA, filled NA with 0
LINE 135 : 2020-06-17 14:01:38,629 [INFO    ] 0257 gene_sets have been filtered out when max_size=500 and min_size=1
LINE 416 : 2020-06-17 14:01:38,629 [INFO    ] 2143 gene_sets used for further statistical testing.....
LINE 417 : 2020-06-17 14:01:38,629 [INFO    ] Start to run GSEA...Might take a while..................
LINE 367 : 2020-06-17 14:01:38,630 [DEBUG   ] Start to permutate classes..............................
LINE 387 : 2020-06-17 14:02:08,856 [DEBUG   ] Start to compute es and esnulls........................
LINE 638 : 2020-06-17 14:13:47,599 [DEBUG   ] Start to compute pvals..................................
LINE 642 : 2020-06-17 14:13:47,626 [DEBUG   ] Start to compute nes and nesnull........................
LINE 653 : 2020-06-17 14:13:47,681 [DEBUG   ] Start to compute fdrs..................................
LINE 620 : 2020-06-17 14:13:48,154 [DEBUG   ] Statistical testing finished.............................
LINE 430 : 2020-06-17 14:13:50,843 [INFO    ] Start to generate GSEApy reports and figures............
LINE 445 : 2020-06-17 14:13:51,098 [INFO    ] Congratulations. GSEApy ran successfully.................

LINE 402 : 2020-06-17 14:13:51,110 [INFO    ] Parsing data files for GSEA.............................
LINE 380 : 2020-06-17 14:13:51,116 [WARNING ] Warning: Input data contains NA, filled NA with 0
LINE 135 : 2020-06-17 14:14:13,577 [INFO    ] 0211 gene_sets have been filtered out when max_size=500 and min_size=1
LINE 416 : 2020-06-17 14:14:13,577 [INFO    ] 2189 gene_sets used for further statistical testing.....
LINE 417 : 2020-06-17 14:14:13,577 [INFO    ] Start to run GSEA...Might take a while..................
LINE 367 : 2020-06-17 14:14:13,578 [DEBUG   ] Start to permutate classes..............................
LINE 387 : 2020-06-17 14:14:45,421 [DEBUG   ] Start to compute es and esnulls........................
LINE 638 : 2020-06-17 14:31:41,333 [DEBUG   ] Start to compute pvals..................................
LINE 642 : 2020-06-17 14:31:41,361 [DEBUG   ] Start to compute nes and nesnull........................
LINE 653 : 2020-06-17 14:31:41,425 [DEBUG   ] Start to compute fdrs..................................
LINE 620 : 2020-06-17 14:31:41,931 [DEBUG   ] Statistical testing finished.............................
LINE 430 : 2020-06-17 14:31:48,850 [INFO    ] Start to generate GSEApy reports and figures............
LINE 445 : 2020-06-17 14:31:49,145 [INFO    ] Congratulations. GSEApy ran successfully.................

LINE 402 : 2020-06-17 14:31:49,159 [INFO    ] Parsing data files for GSEA.............................
LINE 380 : 2020-06-17 14:31:49,167 [WARNING ] Warning: Input data contains NA, filled NA with 0
LINE 135 : 2020-06-17 14:32:10,308 [INFO    ] 0187 gene_sets have been filtered out when max_size=500 and min_size=1
LINE 416 : 2020-06-17 14:32:10,308 [INFO    ] 2213 gene_sets used for further statistical testing.....
LINE 417 : 2020-06-17 14:32:10,308 [INFO    ] Start to run GSEA...Might take a while..................
LINE 367 : 2020-06-17 14:32:10,309 [DEBUG   ] Start to permutate classes..............................
LINE 387 : 2020-06-17 14:32:55,748 [DEBUG   ] Start to compute es and esnulls........................
LINE 638 : 2020-06-17 14:48:58,557 [DEBUG   ] Start to compute pvals..................................
LINE 642 : 2020-06-17 14:48:58,586 [DEBUG   ] Start to compute nes and nesnull........................
LINE 653 : 2020-06-17 14:48:58,651 [DEBUG   ] Start to compute fdrs..................................
LINE 620 : 2020-06-17 14:48:59,169 [DEBUG   ] Statistical testing finished.............................
LINE 430 : 2020-06-17 14:49:04,290 [INFO    ] Start to generate GSEApy reports and figures............
LINE 445 : 2020-06-17 14:49:04,566 [INFO    ] Congratulations. GSEApy ran successfully.................

LINE 402 : 2020-06-17 14:49:04,584 [INFO    ] Parsing data files for GSEA.............................
LINE 380 : 2020-06-17 14:49:04,592 [WARNING ] Warning: Input data contains NA, filled NA with 0
LINE 135 : 2020-06-17 14:49:27,559 [INFO    ] 0137 gene_sets have been filtered out when max_size=500 and min_size=1
LINE 416 : 2020-06-17 14:49:27,559 [INFO    ] 2263 gene_sets used for further statistical testing.....
LINE 417 : 2020-06-17 14:49:27,559 [INFO    ] Start to run GSEA...Might take a while..................
LINE 367 : 2020-06-17 14:49:27,560 [DEBUG   ] Start to permutate classes..............................
LINE 387 : 2020-06-17 14:50:13,644 [DEBUG   ] Start to compute es and esnulls........................
LINE 638 : 2020-06-17 15:09:01,327 [DEBUG   ] Start to compute pvals..................................
LINE 642 : 2020-06-17 15:09:01,356 [DEBUG   ] Start to compute nes and nesnull........................
LINE 653 : 2020-06-17 15:09:01,425 [DEBUG   ] Start to compute fdrs..................................
LINE 620 : 2020-06-17 15:09:01,958 [DEBUG   ] Statistical testing finished.............................
LINE 430 : 2020-06-17 15:09:09,188 [INFO    ] Start to generate GSEApy reports and figures............
LINE 445 : 2020-06-17 15:09:09,478 [INFO    ] Congratulations. GSEApy ran successfully.................

LINE 402 : 2020-06-17 15:09:09,493 [INFO    ] Parsing data files for GSEA.............................
LINE 380 : 2020-06-17 15:09:09,498 [WARNING ] Warning: Input data contains NA, filled NA with 0
LINE 135 : 2020-06-17 15:09:32,195 [INFO    ] 0190 gene_sets have been filtered out when max_size=500 and min_size=1
LINE 416 : 2020-06-17 15:09:32,195 [INFO    ] 2210 gene_sets used for further statistical testing.....
LINE 417 : 2020-06-17 15:09:32,196 [INFO    ] Start to run GSEA...Might take a while..................
LINE 367 : 2020-06-17 15:09:32,196 [DEBUG   ] Start to permutate classes..............................
LINE 387 : 2020-06-17 15:09:56,961 [DEBUG   ] Start to compute es and esnulls........................
LINE 638 : 2020-06-17 15:27:47,510 [DEBUG   ] Start to compute pvals..................................
LINE 642 : 2020-06-17 15:27:47,538 [DEBUG   ] Start to compute nes and nesnull........................
LINE 653 : 2020-06-17 15:27:47,603 [DEBUG   ] Start to compute fdrs..................................
LINE 620 : 2020-06-17 15:27:48,124 [DEBUG   ] Statistical testing finished.............................
LINE 430 : 2020-06-17 15:27:54,668 [INFO    ] Start to generate GSEApy reports and figures............
LINE 445 : 2020-06-17 15:27:54,948 [INFO    ] Congratulations. GSEApy ran successfully.................

LINE 402 : 2020-06-17 15:27:54,963 [INFO    ] Parsing data files for GSEA.............................
LINE 380 : 2020-06-17 15:27:54,968 [WARNING ] Warning: Input data contains NA, filled NA with 0
LINE 135 : 2020-06-17 15:28:15,493 [INFO    ] 0202 gene_sets have been filtered out when max_size=500 and min_size=1
LINE 416 : 2020-06-17 15:28:15,493 [INFO    ] 2198 gene_sets used for further statistical testing.....
LINE 417 : 2020-06-17 15:28:15,494 [INFO    ] Start to run GSEA...Might take a while..................
LINE 367 : 2020-06-17 15:28:15,494 [DEBUG   ] Start to permutate classes..............................
LINE 387 : 2020-06-17 15:28:36,205 [DEBUG   ] Start to compute es and esnulls........................
LINE 638 : 2020-06-17 15:44:13,141 [DEBUG   ] Start to compute pvals..................................
LINE 642 : 2020-06-17 15:44:13,169 [DEBUG   ] Start to compute nes and nesnull........................
LINE 653 : 2020-06-17 15:44:13,234 [DEBUG   ] Start to compute fdrs..................................
LINE 620 : 2020-06-17 15:44:13,758 [DEBUG   ] Statistical testing finished.............................
LINE 430 : 2020-06-17 15:44:18,659 [INFO    ] Start to generate GSEApy reports and figures............
LINE 445 : 2020-06-17 15:44:18,930 [INFO    ] Congratulations. GSEApy ran successfully.................

