LINE 402 : 2020-06-17 10:39:00,977 [INFO    ] Parsing data files for GSEA.............................
LINE 380 : 2020-06-17 10:39:00,985 [WARNING ] Warning: Input data contains NA, filled NA with 0
LINE 129 : 2020-06-17 10:39:01,032 [INFO    ] Note: NumExpr detected 32 cores but "NUMEXPR_MAX_THREADS" not set, so enforcing safe limit of 8.
LINE 135 : 2020-06-17 10:39:20,931 [INFO    ] 0032 gene_sets have been filtered out when max_size=500 and min_size=1
LINE 416 : 2020-06-17 10:39:20,931 [INFO    ] 1498 gene_sets used for further statistical testing.....
LINE 417 : 2020-06-17 10:39:20,931 [INFO    ] Start to run GSEA...Might take a while..................
LINE 367 : 2020-06-17 10:39:20,932 [DEBUG   ] Start to permutate classes..............................
LINE 387 : 2020-06-17 10:39:54,451 [DEBUG   ] Start to compute es and esnulls........................
LINE 638 : 2020-06-17 10:47:52,246 [DEBUG   ] Start to compute pvals..................................
LINE 642 : 2020-06-17 10:47:52,260 [DEBUG   ] Start to compute nes and nesnull........................
LINE 653 : 2020-06-17 10:47:52,290 [DEBUG   ] Start to compute fdrs..................................
LINE 620 : 2020-06-17 10:47:52,534 [DEBUG   ] Statistical testing finished.............................
LINE 430 : 2020-06-17 10:47:52,959 [INFO    ] Start to generate GSEApy reports and figures............
LINE 445 : 2020-06-17 10:47:53,188 [INFO    ] Congratulations. GSEApy ran successfully.................

LINE 402 : 2020-06-17 10:47:53,192 [INFO    ] Parsing data files for GSEA.............................
LINE 380 : 2020-06-17 10:47:53,198 [WARNING ] Warning: Input data contains NA, filled NA with 0
LINE 135 : 2020-06-17 10:48:11,719 [INFO    ] 0039 gene_sets have been filtered out when max_size=500 and min_size=1
LINE 416 : 2020-06-17 10:48:11,719 [INFO    ] 1491 gene_sets used for further statistical testing.....
LINE 417 : 2020-06-17 10:48:11,719 [INFO    ] Start to run GSEA...Might take a while..................
LINE 367 : 2020-06-17 10:48:11,720 [DEBUG   ] Start to permutate classes..............................
LINE 387 : 2020-06-17 10:48:46,454 [DEBUG   ] Start to compute es and esnulls........................
