LINE 402 : 2020-06-16 11:59:28,157 [INFO    ] Parsing data files for GSEA.............................
LINE 380 : 2020-06-16 11:59:28,171 [WARNING ] Warning: Input data contains NA, filled NA with 0
LINE 129 : 2020-06-16 11:59:28,252 [INFO    ] Note: NumExpr detected 24 cores but "NUMEXPR_MAX_THREADS" not set, so enforcing safe limit of 8.
LINE 135 : 2020-06-16 11:59:37,018 [INFO    ] 0000 gene_sets have been filtered out when max_size=1000 and min_size=1
LINE 416 : 2020-06-16 11:59:37,019 [INFO    ] 0308 gene_sets used for further statistical testing.....
LINE 417 : 2020-06-16 11:59:37,019 [INFO    ] Start to run GSEA...Might take a while..................
LINE 367 : 2020-06-16 11:59:37,020 [DEBUG   ] Start to permutate classes..............................
LINE 387 : 2020-06-16 11:59:56,920 [DEBUG   ] Start to compute es and esnulls........................
LINE 638 : 2020-06-16 12:01:03,840 [DEBUG   ] Start to compute pvals..................................
LINE 642 : 2020-06-16 12:01:03,842 [DEBUG   ] Start to compute nes and nesnull........................
LINE 653 : 2020-06-16 12:01:03,844 [DEBUG   ] Start to compute fdrs..................................
LINE 620 : 2020-06-16 12:01:03,858 [DEBUG   ] Statistical testing finished.............................
LINE 430 : 2020-06-16 12:01:04,457 [INFO    ] Start to generate GSEApy reports and figures............
LINE 445 : 2020-06-16 12:01:04,575 [INFO    ] Congratulations. GSEApy ran successfully.................

LINE 402 : 2020-06-16 12:01:04,578 [INFO    ] Parsing data files for GSEA.............................
LINE 380 : 2020-06-16 12:01:04,589 [WARNING ] Warning: Input data contains NA, filled NA with 0
LINE 135 : 2020-06-16 12:01:12,753 [INFO    ] 0000 gene_sets have been filtered out when max_size=1000 and min_size=1
LINE 416 : 2020-06-16 12:01:12,753 [INFO    ] 0308 gene_sets used for further statistical testing.....
LINE 417 : 2020-06-16 12:01:12,753 [INFO    ] Start to run GSEA...Might take a while..................
LINE 367 : 2020-06-16 12:01:12,754 [DEBUG   ] Start to permutate classes..............................
LINE 387 : 2020-06-16 12:01:36,078 [DEBUG   ] Start to compute es and esnulls........................
LINE 638 : 2020-06-16 12:02:37,563 [DEBUG   ] Start to compute pvals..................................
LINE 642 : 2020-06-16 12:02:37,564 [DEBUG   ] Start to compute nes and nesnull........................
LINE 653 : 2020-06-16 12:02:37,567 [DEBUG   ] Start to compute fdrs..................................
LINE 620 : 2020-06-16 12:02:37,580 [DEBUG   ] Statistical testing finished.............................
LINE 430 : 2020-06-16 12:02:38,145 [INFO    ] Start to generate GSEApy reports and figures............
LINE 445 : 2020-06-16 12:02:38,256 [INFO    ] Congratulations. GSEApy ran successfully.................

LINE 402 : 2020-06-16 12:02:38,263 [INFO    ] Parsing data files for GSEA.............................
LINE 380 : 2020-06-16 12:02:38,272 [WARNING ] Warning: Input data contains NA, filled NA with 0
LINE 135 : 2020-06-16 12:02:44,336 [INFO    ] 0001 gene_sets have been filtered out when max_size=1000 and min_size=1
LINE 416 : 2020-06-16 12:02:44,336 [INFO    ] 0307 gene_sets used for further statistical testing.....
LINE 417 : 2020-06-16 12:02:44,336 [INFO    ] Start to run GSEA...Might take a while..................
LINE 367 : 2020-06-16 12:02:44,337 [DEBUG   ] Start to permutate classes..............................
LINE 387 : 2020-06-16 12:02:55,654 [DEBUG   ] Start to compute es and esnulls........................
LINE 638 : 2020-06-16 12:03:39,609 [DEBUG   ] Start to compute pvals..................................
LINE 642 : 2020-06-16 12:03:39,610 [DEBUG   ] Start to compute nes and nesnull........................
LINE 653 : 2020-06-16 12:03:39,611 [DEBUG   ] Start to compute fdrs..................................
LINE 620 : 2020-06-16 12:03:39,625 [DEBUG   ] Statistical testing finished.............................
LINE 430 : 2020-06-16 12:03:40,051 [INFO    ] Start to generate GSEApy reports and figures............
LINE 445 : 2020-06-16 12:03:40,149 [INFO    ] Congratulations. GSEApy ran successfully.................

LINE 402 : 2020-06-16 12:03:40,159 [INFO    ] Parsing data files for GSEA.............................
LINE 380 : 2020-06-16 12:03:40,172 [WARNING ] Warning: Input data contains NA, filled NA with 0
LINE 135 : 2020-06-16 12:03:48,419 [INFO    ] 0001 gene_sets have been filtered out when max_size=1000 and min_size=1
LINE 416 : 2020-06-16 12:03:48,419 [INFO    ] 0307 gene_sets used for further statistical testing.....
LINE 417 : 2020-06-16 12:03:48,419 [INFO    ] Start to run GSEA...Might take a while..................
LINE 367 : 2020-06-16 12:03:48,420 [DEBUG   ] Start to permutate classes..............................
LINE 387 : 2020-06-16 12:04:01,478 [DEBUG   ] Start to compute es and esnulls........................
LINE 638 : 2020-06-16 12:05:04,389 [DEBUG   ] Start to compute pvals..................................
LINE 642 : 2020-06-16 12:05:04,390 [DEBUG   ] Start to compute nes and nesnull........................
LINE 653 : 2020-06-16 12:05:04,392 [DEBUG   ] Start to compute fdrs..................................
LINE 620 : 2020-06-16 12:05:04,406 [DEBUG   ] Statistical testing finished.............................
LINE 430 : 2020-06-16 12:05:04,962 [INFO    ] Start to generate GSEApy reports and figures............
LINE 445 : 2020-06-16 12:05:05,071 [INFO    ] Congratulations. GSEApy ran successfully.................

LINE 402 : 2020-06-16 12:05:05,077 [INFO    ] Parsing data files for GSEA.............................
LINE 380 : 2020-06-16 12:05:05,088 [WARNING ] Warning: Input data contains NA, filled NA with 0
LINE 135 : 2020-06-16 12:05:13,029 [INFO    ] 0000 gene_sets have been filtered out when max_size=1000 and min_size=1
LINE 416 : 2020-06-16 12:05:13,029 [INFO    ] 0308 gene_sets used for further statistical testing.....
LINE 417 : 2020-06-16 12:05:13,029 [INFO    ] Start to run GSEA...Might take a while..................
LINE 367 : 2020-06-16 12:05:13,030 [DEBUG   ] Start to permutate classes..............................
LINE 387 : 2020-06-16 12:05:31,924 [DEBUG   ] Start to compute es and esnulls........................
LINE 638 : 2020-06-16 12:06:31,186 [DEBUG   ] Start to compute pvals..................................
LINE 642 : 2020-06-16 12:06:31,187 [DEBUG   ] Start to compute nes and nesnull........................
LINE 653 : 2020-06-16 12:06:31,189 [DEBUG   ] Start to compute fdrs..................................
LINE 620 : 2020-06-16 12:06:31,202 [DEBUG   ] Statistical testing finished.............................
LINE 430 : 2020-06-16 12:06:31,729 [INFO    ] Start to generate GSEApy reports and figures............
LINE 445 : 2020-06-16 12:06:31,836 [INFO    ] Congratulations. GSEApy ran successfully.................

LINE 402 : 2020-06-16 12:06:31,842 [INFO    ] Parsing data files for GSEA.............................
LINE 380 : 2020-06-16 12:06:31,853 [WARNING ] Warning: Input data contains NA, filled NA with 0
LINE 135 : 2020-06-16 12:06:40,357 [INFO    ] 0001 gene_sets have been filtered out when max_size=1000 and min_size=1
LINE 416 : 2020-06-16 12:06:40,358 [INFO    ] 0307 gene_sets used for further statistical testing.....
LINE 417 : 2020-06-16 12:06:40,358 [INFO    ] Start to run GSEA...Might take a while..................
LINE 367 : 2020-06-16 12:06:40,359 [DEBUG   ] Start to permutate classes..............................
LINE 387 : 2020-06-16 12:06:57,021 [DEBUG   ] Start to compute es and esnulls........................
LINE 638 : 2020-06-16 12:07:59,634 [DEBUG   ] Start to compute pvals..................................
LINE 642 : 2020-06-16 12:07:59,636 [DEBUG   ] Start to compute nes and nesnull........................
LINE 653 : 2020-06-16 12:07:59,638 [DEBUG   ] Start to compute fdrs..................................
LINE 620 : 2020-06-16 12:07:59,651 [DEBUG   ] Statistical testing finished.............................
LINE 430 : 2020-06-16 12:08:00,217 [INFO    ] Start to generate GSEApy reports and figures............
LINE 445 : 2020-06-16 12:08:00,331 [INFO    ] Congratulations. GSEApy ran successfully.................

LINE 402 : 2020-06-16 12:08:00,344 [INFO    ] Parsing data files for GSEA.............................
LINE 380 : 2020-06-16 12:08:00,352 [WARNING ] Warning: Input data contains NA, filled NA with 0
LINE 135 : 2020-06-16 12:08:08,683 [INFO    ] 0000 gene_sets have been filtered out when max_size=1000 and min_size=1
LINE 416 : 2020-06-16 12:08:08,683 [INFO    ] 0308 gene_sets used for further statistical testing.....
LINE 417 : 2020-06-16 12:08:08,683 [INFO    ] Start to run GSEA...Might take a while..................
LINE 367 : 2020-06-16 12:08:08,685 [DEBUG   ] Start to permutate classes..............................
LINE 387 : 2020-06-16 12:08:19,632 [DEBUG   ] Start to compute es and esnulls........................
LINE 638 : 2020-06-16 12:09:22,363 [DEBUG   ] Start to compute pvals..................................
LINE 642 : 2020-06-16 12:09:22,364 [DEBUG   ] Start to compute nes and nesnull........................
LINE 653 : 2020-06-16 12:09:22,366 [DEBUG   ] Start to compute fdrs..................................
LINE 620 : 2020-06-16 12:09:22,379 [DEBUG   ] Statistical testing finished.............................
LINE 430 : 2020-06-16 12:09:22,947 [INFO    ] Start to generate GSEApy reports and figures............
LINE 445 : 2020-06-16 12:09:23,052 [INFO    ] Congratulations. GSEApy ran successfully.................

LINE 402 : 2020-06-16 12:09:23,059 [INFO    ] Parsing data files for GSEA.............................
LINE 380 : 2020-06-16 12:09:23,067 [WARNING ] Warning: Input data contains NA, filled NA with 0
LINE 135 : 2020-06-16 12:09:30,590 [INFO    ] 0001 gene_sets have been filtered out when max_size=1000 and min_size=1
LINE 416 : 2020-06-16 12:09:30,590 [INFO    ] 0307 gene_sets used for further statistical testing.....
LINE 417 : 2020-06-16 12:09:30,590 [INFO    ] Start to run GSEA...Might take a while..................
LINE 367 : 2020-06-16 12:09:30,591 [DEBUG   ] Start to permutate classes..............................
LINE 387 : 2020-06-16 12:09:36,140 [DEBUG   ] Start to compute es and esnulls........................
LINE 638 : 2020-06-16 12:10:32,492 [DEBUG   ] Start to compute pvals..................................
LINE 642 : 2020-06-16 12:10:32,494 [DEBUG   ] Start to compute nes and nesnull........................
LINE 653 : 2020-06-16 12:10:32,495 [DEBUG   ] Start to compute fdrs..................................
LINE 620 : 2020-06-16 12:10:32,508 [DEBUG   ] Statistical testing finished.............................
LINE 430 : 2020-06-16 12:10:33,020 [INFO    ] Start to generate GSEApy reports and figures............
LINE 445 : 2020-06-16 12:10:33,113 [INFO    ] Congratulations. GSEApy ran successfully.................

