LINE 402 : 2020-06-18 18:59:36,887 [INFO    ] Parsing data files for GSEA.............................
LINE 380 : 2020-06-18 18:59:36,900 [WARNING ] Warning: Input data contains NA, filled NA with 0
LINE 129 : 2020-06-18 18:59:36,977 [INFO    ] Note: NumExpr detected 24 cores but "NUMEXPR_MAX_THREADS" not set, so enforcing safe limit of 8.
LINE 135 : 2020-06-18 18:59:46,212 [INFO    ] 0000 gene_sets have been filtered out when max_size=1000 and min_size=1
LINE 416 : 2020-06-18 18:59:46,213 [INFO    ] 0308 gene_sets used for further statistical testing.....
LINE 417 : 2020-06-18 18:59:46,213 [INFO    ] Start to run GSEA...Might take a while..................
LINE 367 : 2020-06-18 18:59:46,214 [DEBUG   ] Start to permutate classes..............................
LINE 387 : 2020-06-18 19:00:00,235 [DEBUG   ] Start to compute es and esnulls........................
LINE 638 : 2020-06-18 19:00:57,615 [DEBUG   ] Start to compute pvals..................................
LINE 642 : 2020-06-18 19:00:57,616 [DEBUG   ] Start to compute nes and nesnull........................
LINE 653 : 2020-06-18 19:00:57,619 [DEBUG   ] Start to compute fdrs..................................
LINE 620 : 2020-06-18 19:00:57,631 [DEBUG   ] Statistical testing finished.............................
LINE 430 : 2020-06-18 19:00:58,168 [INFO    ] Start to generate GSEApy reports and figures............
LINE 445 : 2020-06-18 19:00:58,280 [INFO    ] Congratulations. GSEApy ran successfully.................

LINE 402 : 2020-06-18 19:00:58,284 [INFO    ] Parsing data files for GSEA.............................
LINE 380 : 2020-06-18 19:00:58,295 [WARNING ] Warning: Input data contains NA, filled NA with 0
LINE 135 : 2020-06-18 19:01:06,894 [INFO    ] 0000 gene_sets have been filtered out when max_size=1000 and min_size=1
LINE 416 : 2020-06-18 19:01:06,894 [INFO    ] 0308 gene_sets used for further statistical testing.....
LINE 417 : 2020-06-18 19:01:06,894 [INFO    ] Start to run GSEA...Might take a while..................
LINE 367 : 2020-06-18 19:01:06,895 [DEBUG   ] Start to permutate classes..............................
LINE 387 : 2020-06-18 19:01:22,267 [DEBUG   ] Start to compute es and esnulls........................
LINE 638 : 2020-06-18 19:02:15,307 [DEBUG   ] Start to compute pvals..................................
LINE 642 : 2020-06-18 19:02:15,309 [DEBUG   ] Start to compute nes and nesnull........................
LINE 653 : 2020-06-18 19:02:15,311 [DEBUG   ] Start to compute fdrs..................................
LINE 620 : 2020-06-18 19:02:15,324 [DEBUG   ] Statistical testing finished.............................
LINE 430 : 2020-06-18 19:02:15,815 [INFO    ] Start to generate GSEApy reports and figures............
LINE 445 : 2020-06-18 19:02:15,916 [INFO    ] Congratulations. GSEApy ran successfully.................

LINE 402 : 2020-06-18 19:02:15,924 [INFO    ] Parsing data files for GSEA.............................
LINE 380 : 2020-06-18 19:02:15,933 [WARNING ] Warning: Input data contains NA, filled NA with 0
LINE 135 : 2020-06-18 19:02:22,284 [INFO    ] 0001 gene_sets have been filtered out when max_size=1000 and min_size=1
LINE 416 : 2020-06-18 19:02:22,284 [INFO    ] 0307 gene_sets used for further statistical testing.....
LINE 417 : 2020-06-18 19:02:22,284 [INFO    ] Start to run GSEA...Might take a while..................
LINE 367 : 2020-06-18 19:02:22,285 [DEBUG   ] Start to permutate classes..............................
LINE 387 : 2020-06-18 19:02:31,181 [DEBUG   ] Start to compute es and esnulls........................
LINE 638 : 2020-06-18 19:03:09,091 [DEBUG   ] Start to compute pvals..................................
LINE 642 : 2020-06-18 19:03:09,093 [DEBUG   ] Start to compute nes and nesnull........................
LINE 653 : 2020-06-18 19:03:09,094 [DEBUG   ] Start to compute fdrs..................................
LINE 620 : 2020-06-18 19:03:09,107 [DEBUG   ] Statistical testing finished.............................
LINE 430 : 2020-06-18 19:03:09,480 [INFO    ] Start to generate GSEApy reports and figures............
LINE 445 : 2020-06-18 19:03:09,570 [INFO    ] Congratulations. GSEApy ran successfully.................

LINE 402 : 2020-06-18 19:03:09,582 [INFO    ] Parsing data files for GSEA.............................
LINE 380 : 2020-06-18 19:03:09,590 [WARNING ] Warning: Input data contains NA, filled NA with 0
LINE 135 : 2020-06-18 19:03:18,247 [INFO    ] 0001 gene_sets have been filtered out when max_size=1000 and min_size=1
LINE 416 : 2020-06-18 19:03:18,248 [INFO    ] 0307 gene_sets used for further statistical testing.....
LINE 417 : 2020-06-18 19:03:18,248 [INFO    ] Start to run GSEA...Might take a while..................
LINE 367 : 2020-06-18 19:03:18,249 [DEBUG   ] Start to permutate classes..............................
LINE 387 : 2020-06-18 19:03:27,343 [DEBUG   ] Start to compute es and esnulls........................
LINE 638 : 2020-06-18 19:04:21,787 [DEBUG   ] Start to compute pvals..................................
LINE 642 : 2020-06-18 19:04:21,788 [DEBUG   ] Start to compute nes and nesnull........................
LINE 653 : 2020-06-18 19:04:21,790 [DEBUG   ] Start to compute fdrs..................................
LINE 620 : 2020-06-18 19:04:21,803 [DEBUG   ] Statistical testing finished.............................
LINE 430 : 2020-06-18 19:04:22,304 [INFO    ] Start to generate GSEApy reports and figures............
LINE 445 : 2020-06-18 19:04:22,403 [INFO    ] Congratulations. GSEApy ran successfully.................

LINE 402 : 2020-06-18 19:04:22,410 [INFO    ] Parsing data files for GSEA.............................
LINE 380 : 2020-06-18 19:04:22,425 [WARNING ] Warning: Input data contains NA, filled NA with 0
LINE 135 : 2020-06-18 19:04:30,575 [INFO    ] 0000 gene_sets have been filtered out when max_size=1000 and min_size=1
LINE 416 : 2020-06-18 19:04:30,575 [INFO    ] 0308 gene_sets used for further statistical testing.....
LINE 417 : 2020-06-18 19:04:30,575 [INFO    ] Start to run GSEA...Might take a while..................
LINE 367 : 2020-06-18 19:04:30,576 [DEBUG   ] Start to permutate classes..............................
LINE 387 : 2020-06-18 19:04:43,587 [DEBUG   ] Start to compute es and esnulls........................
LINE 638 : 2020-06-18 19:05:32,548 [DEBUG   ] Start to compute pvals..................................
LINE 642 : 2020-06-18 19:05:32,550 [DEBUG   ] Start to compute nes and nesnull........................
LINE 653 : 2020-06-18 19:05:32,551 [DEBUG   ] Start to compute fdrs..................................
LINE 620 : 2020-06-18 19:05:32,564 [DEBUG   ] Statistical testing finished.............................
LINE 430 : 2020-06-18 19:05:33,031 [INFO    ] Start to generate GSEApy reports and figures............
LINE 445 : 2020-06-18 19:05:33,138 [INFO    ] Congratulations. GSEApy ran successfully.................

LINE 402 : 2020-06-18 19:05:33,154 [INFO    ] Parsing data files for GSEA.............................
LINE 380 : 2020-06-18 19:05:33,165 [WARNING ] Warning: Input data contains NA, filled NA with 0
LINE 135 : 2020-06-18 19:05:42,015 [INFO    ] 0001 gene_sets have been filtered out when max_size=1000 and min_size=1
LINE 416 : 2020-06-18 19:05:42,015 [INFO    ] 0307 gene_sets used for further statistical testing.....
LINE 417 : 2020-06-18 19:05:42,015 [INFO    ] Start to run GSEA...Might take a while..................
LINE 367 : 2020-06-18 19:05:42,017 [DEBUG   ] Start to permutate classes..............................
LINE 387 : 2020-06-18 19:05:56,646 [DEBUG   ] Start to compute es and esnulls........................
LINE 638 : 2020-06-18 19:06:51,807 [DEBUG   ] Start to compute pvals..................................
LINE 642 : 2020-06-18 19:06:51,809 [DEBUG   ] Start to compute nes and nesnull........................
LINE 653 : 2020-06-18 19:06:51,810 [DEBUG   ] Start to compute fdrs..................................
LINE 620 : 2020-06-18 19:06:51,823 [DEBUG   ] Statistical testing finished.............................
LINE 430 : 2020-06-18 19:06:52,323 [INFO    ] Start to generate GSEApy reports and figures............
LINE 445 : 2020-06-18 19:06:52,434 [INFO    ] Congratulations. GSEApy ran successfully.................

LINE 402 : 2020-06-18 19:06:52,442 [INFO    ] Parsing data files for GSEA.............................
LINE 380 : 2020-06-18 19:06:52,450 [WARNING ] Warning: Input data contains NA, filled NA with 0
LINE 135 : 2020-06-18 19:07:01,188 [INFO    ] 0000 gene_sets have been filtered out when max_size=1000 and min_size=1
LINE 416 : 2020-06-18 19:07:01,189 [INFO    ] 0308 gene_sets used for further statistical testing.....
LINE 417 : 2020-06-18 19:07:01,189 [INFO    ] Start to run GSEA...Might take a while..................
LINE 367 : 2020-06-18 19:07:01,190 [DEBUG   ] Start to permutate classes..............................
LINE 387 : 2020-06-18 19:07:08,481 [DEBUG   ] Start to compute es and esnulls........................
LINE 638 : 2020-06-18 19:08:02,310 [DEBUG   ] Start to compute pvals..................................
LINE 642 : 2020-06-18 19:08:02,312 [DEBUG   ] Start to compute nes and nesnull........................
LINE 653 : 2020-06-18 19:08:02,313 [DEBUG   ] Start to compute fdrs..................................
LINE 620 : 2020-06-18 19:08:02,326 [DEBUG   ] Statistical testing finished.............................
LINE 430 : 2020-06-18 19:08:02,829 [INFO    ] Start to generate GSEApy reports and figures............
LINE 445 : 2020-06-18 19:08:02,931 [INFO    ] Congratulations. GSEApy ran successfully.................

LINE 402 : 2020-06-18 19:08:02,940 [INFO    ] Parsing data files for GSEA.............................
LINE 380 : 2020-06-18 19:08:02,947 [WARNING ] Warning: Input data contains NA, filled NA with 0
LINE 135 : 2020-06-18 19:08:10,882 [INFO    ] 0001 gene_sets have been filtered out when max_size=1000 and min_size=1
LINE 416 : 2020-06-18 19:08:10,882 [INFO    ] 0307 gene_sets used for further statistical testing.....
LINE 417 : 2020-06-18 19:08:10,882 [INFO    ] Start to run GSEA...Might take a while..................
LINE 367 : 2020-06-18 19:08:10,883 [DEBUG   ] Start to permutate classes..............................
LINE 387 : 2020-06-18 19:08:16,221 [DEBUG   ] Start to compute es and esnulls........................
LINE 638 : 2020-06-18 19:09:05,229 [DEBUG   ] Start to compute pvals..................................
LINE 642 : 2020-06-18 19:09:05,231 [DEBUG   ] Start to compute nes and nesnull........................
LINE 653 : 2020-06-18 19:09:05,233 [DEBUG   ] Start to compute fdrs..................................
LINE 620 : 2020-06-18 19:09:05,245 [DEBUG   ] Statistical testing finished.............................
LINE 430 : 2020-06-18 19:09:05,705 [INFO    ] Start to generate GSEApy reports and figures............
LINE 445 : 2020-06-18 19:09:05,800 [INFO    ] Congratulations. GSEApy ran successfully.................

