LINE 99  : 2020-06-19 11:12:36,697 [WARNING ] Input gene rankings contains duplicated IDs, Only use the duplicated ID with highest value!
LINE 102 : 2020-06-19 11:12:36,707 [DEBUG   ] Dups list:
      protein_str  one_minus_adj_p
6775        NUMA1         1.000000
6660         NPNT         1.000000
6926        P4HA1         1.000000
6968         PALM         1.000000
6967        PALLD         1.000000
6888       OSBPL9         1.000000
6874          OS9         1.000000
6390        NCOA5         1.000000
6376         NCK1         1.000000
6244         MYLK         1.000000
6229        MYH10         1.000000
6228        MYH10         1.000000
6215        MXRA7         1.000000
6214        MXRA7         1.000000
6434      NDUFAF7         1.000000
6421       NDUFA5         1.000000
7632      PPFIBP1         1.000000
7610        POSTN         1.000000
7609        POSTN         1.000000
7608        POSTN         1.000000
7466        PLOD2         1.000000
7458        PLIN3         1.000000
7509         PNKD         1.000000
7498          PML         1.000000
7497          PML         1.000000
7436      PLEKHA7         1.000000
7211       PFKFB2         1.000000
7219         PFN2         1.000000
7037        PCBP2         1.000000
7102        PDE1A         1.000000
7373          PKM         1.000000
7381         PKP4         1.000000
7429      PLEKHA1         1.000000
7423         PLEC         1.000000
7422         PLEC         1.000000
7421         PLEC         1.000000
7420         PLEC         1.000000
7224        PGAM5         1.000000
5066        KIF1B         1.000000
5020          KHK         1.000000
5077        KIF2A         1.000000
5361         LMO7         1.000000
5220        LAMP2         1.000000
4470      HNRNPA1         1.000000
4476       HNRNPC         1.000000
4441        HMGA1         1.000000
4432         HM13         1.000000
4855        ITGA6         1.000000
4692        IKBIP         1.000000
4728         IMMT         1.000000
5389         LRBA         1.000000
6140        MTCH2         1.000000
6127         MT1G         1.000000
6157      MTHFD1L         1.000000
5579      MAP3K20         1.000000
5566         MAP2         1.000000
5480          LYN         1.000000
5595       MAP4K4         1.000000
5601       MAP7D1         1.000000
5599         MAP7         1.000000
5679        MBNL1         1.000000
10546     TPD52L2         1.000000
10551        TPM1         1.000000
10558        TPM4         1.000000
10601    TRAPPC13         1.000000
10434        TMPO         1.000000
10436        TMPO         1.000000
9674       SPTBN1         1.000000
9923          SYK         1.000000
10100       TCOF1         1.000000
10028     TBC1D15         1.000000
11522      ZNF185         1.000000
11343        YBX3         1.000000
10700     TSC22D1         1.000000
11058        USP4         1.000000
9672       SPTAN1         1.000000
8712         RTN4         1.000000
7915        PSMD4         1.000000
7926        PSMF1         1.000000
8159       RAD23A         1.000000
9328      SLC44A2         1.000000
9395          SLK         1.000000
9606      SPATA18         1.000000
9615      SPATS2L         1.000000
8964        SEPT8         1.000000
8962        SEPT7         1.000000
2744         DLG1         1.000000
2755          DMD         1.000000
2771       DNAJA3         1.000000
2761         DMTN         1.000000
909      ATP6V0A1         1.000000
2903         DTNB         1.000000
1119        BNIP2         1.000000
2625        DDX54         1.000000
3189      EPB41L2         1.000000
3186      EPB41L1         1.000000
3185      EPB41L1         1.000000
3183        EPB41         1.000000
3192      EPB41L3         1.000000
3193      EPB41L3         1.000000
3196      EPB41L5         1.000000
837          ATE1         1.000000
3144         EML2         1.000000
3083       EIF4G2         1.000000
1987       CLCNKB         1.000000
1977       CLASP2         1.000000
1485         CBFB         1.000000
2012       CLINT1         1.000000
2111       COBLL1         1.000000
2112       COBLL1         1.000000
1448      CARMIL1         1.000000
1639         CD46         1.000000
1390        CALD1         1.000000
1399         CALU         1.000000
2151       COL6A3         1.000000
2144       COL5A1         1.000000
1388        CALD1         1.000000
2302          CRK         1.000000
1354          CA1         1.000000
3979          GLS         1.000000
3947         GIT2         1.000000
317        AHCYL2         1.000000
230          ADD3         1.000000
227          ADD1         1.000000
4013         GNAS         1.000000
3768        FXYD2         1.000000
3827        GANAB         1.000000
78         ABLIM3         1.000000
82            ABR         1.000000
4248        H2AFY         1.000000
73         ABLIM1         1.000000
4409        HLA-C         1.000000
4420     HLA-DRB1         1.000000
4417     HLA-DQB1         1.000000
170         ACTN4         1.000000
4122         GPS1         1.000000
147         ACSL1         1.000000
184          ACY1         1.000000
135         ACOX1         1.000000
133         ACOT9         1.000000
121          ACLY         1.000000
4171          GSN         1.000000
3611         FHL1         1.000000
3680          FN1         1.000000
3650         FLII         1.000000
3653         FLNA         1.000000
477          ANK3         1.000000
475          ANK2         1.000000
551         AP1B1         1.000000
7364         PJVK         0.999812
7970         PTPA         0.999812
1415      CAMSAP3         0.999812
10556        TPM3         0.999812
5627         MAPT         0.999812
9021          SF1         0.999812
9284      SLC34A2         0.999812
5326        LIMS1         0.999812
5661        MATN2         0.999812
8967        SEPT9         0.999632
3188      EPB41L2         0.999632
10257        TJP2         0.999632
1472         CAST         0.999632
1404       CAMK2G         0.999456
2150       COL6A2         0.999456
5433      LRRFIP2         0.999456
1906         CHL1         0.999456
4423     HLA-DRB1         0.999283
7551      POLDIP3         0.999283
11506      ZMYND8         0.999283
9006          SET         0.999283
4696        IKZF1         0.999283
9007          SET         0.999283
4295        HBS1L         0.999113
742       ARL6IP4         0.999113
7283       PHLDB2         0.999113
4405        HLA-A         0.999113
1811       CEP170         0.998944
5265         LDB3         0.998777
9564       SORBS2         0.998777
7671     PPP1R12B         0.998777
6251        MYO1C         0.998777
7835      PRPF40A         0.998610
7565       POLR1D         0.998446
2832       DOCK10         0.998446
139          ACP1         0.997955
5658        MAT2B         0.997955
3222      EPS15L1         0.997955
9845        STX16         0.997793
5983        MPRIP         0.997793
7798        PRKG1         0.997632
8012         PUM1         0.997152
10525    TOR1AIP1         0.996679
376          ALAD         0.996521
9642       SPINT1         0.996364
5431      LRRFIP1         0.995584
8722        RUFY3         0.995428
1243     C18orf25         0.995272
6866         ORC3         0.994656
9258      SLC28A1         0.994503
4815      IRF2BP2         0.994350
9999        TAOK2         0.994047
10554        TPM3         0.993296
4173          GSN         0.992844
10698        TSC1         0.992844
4982       KCTD10         0.992693
335         AIMP2         0.991350
2533          DBI         0.989587
6516         NFIC         0.989440
2840        DOCK9         0.989002
382      ALDH18A1         0.988856
2927          DUT         0.988421
6617        NOLC1         0.988133
2063         CNBP         0.987987
9929      SYNCRIP         0.986830
9875        SUGT1         0.985827
1436        CAPZB         0.985684
9941        SYNPO         0.985397
277          AFDN         0.985110
10518       TOP2B         0.984684
5323        LIME1         0.984116
110         ACBD5         0.983688
3661         FLT1         0.982976
10925        UBR2         0.982551
8819       SCAMP3         0.982412
7112        PDE4D         0.980726
5666          MAX         0.980167
9139        SIRPA         0.977792
4966       KCNAB2         0.976689
2109         COBL         0.976689
5611       MAPK14         0.976137
8009        PUF60         0.975721
7258         PHF1         0.975721
2949         DYSF         0.975036
2818         DNM3         0.970362
6239         MYL6         0.969552
7974       PTPN11         0.968875
10222       TIAL1         0.968466
2431        CWC27         0.967518
10020      TBC1D1         0.967518
101          ACAN         0.966436
556         AP1M2         0.965504
8208        RAPH1         0.965504
4421     HLA-DRB1         0.964976
7636       PPHLN1         0.961496
321         AHNAK         0.959930
5594       MAP4K4         0.959930
2819        DNMBP         0.959930
701      ARHGEF12         0.959930
3541       FBXO44         0.959930
4339         HELZ         0.959930
4315         HDGF         0.959930
5209        LAMA4         0.959526
4318       HDGFL2         0.959394
1032        BCAS3         0.957940
3677         FMR1         0.944895
6460       NDUFV3         0.942589
9943       SYNPO2         0.937969
7425         PLEC         0.936296
919      ATP6V1C2         0.935648
10526    TOR1AIP2         0.935261
1727        CDK13         0.934241
7424         PLEC         0.933742
673      ARHGAP24         0.930325
3075        EIF4E         0.927792
3831        GAPDH         0.927308
1207     C11orf54         0.926437
9019          SF1         0.925943
3934       GIMAP4         0.925565
4939        KANK2         0.925565
10270        TLE3         0.924693
318        AHCYL2         0.922937
6883       OSBPL3         0.922689
8176      RALGAPB         0.920410
7055        PCF11         0.920172
2585          DDC         0.919920
1683        CDC42         0.915430
4742         INF2         0.913705
8711         RTN4         0.912455
4713         IL32         0.908857
744       ARL6IP4         0.907386
2530       DAZAP2         0.906895
4380        HIP1R         0.906772
5943        MOCS2         0.904674
9398        SLMAP         0.901307
167         ACTN1         0.899108
9836        STRN3         0.898867
2821        DNMT1         0.896544
5457        LTBP1         0.895449
4486       HNRNPK         0.895335
10259        TJP2         0.892413
2509       DAB2IP         0.890128
1139         BPTF         0.888924
11600      ZNF618         0.888803
5319       LIMCH1         0.888309
4869        ITGB4         0.886260
68           ABI1         0.882021
76         ABLIM2         0.877724
2617        DDX46         0.877481
6467      NECTIN2         0.877356
4472      HNRNPA3         0.876632
2014        CLIP1         0.867347
5649        MASP1         0.864733
1666         CD99         0.863582
9563       SORBS2         0.855003
8955       SEPT11         0.854890
10703     TSC22D3         0.852177
6232        MYH14         0.851377
4015         GNAS         0.850566
81            ABR         0.845409
3624       FIP1L1         0.840245
11336        YAP1         0.836145
8346        RELCH         0.835567
10552        TPM2         0.834765
10933        UBTF         0.826708
8958        SEPT4         0.823684
11480     ZFYVE19         0.823576
9810         STK3         0.822308
7873         PSAP         0.820024
4697        IKZF1         0.819687
9557          SON         0.819339
8970       SERBP1         0.819232
540         ANXA6         0.818425
1813      CEP170B         0.813890
9339       SLC4A4         0.809876
7068        PCMT1         0.809773
11115        VCAN         0.803586
7200         PEX5         0.801056
5043     KIAA1217         0.799022
3000        EEF1D         0.798126
2537         DBNL         0.797552
2676         DFFA         0.794291
7405        PLCD1         0.791488
5628         MAPT         0.790923
4300          HCK         0.785690
6517         NFIC         0.785347
9376     SLC9A3R2         0.778839
5809          MFF         0.776291
588           APC         0.772460
9784        STAT3         0.770994
1976       CLASP1         0.761662
750        ARMC10         0.761230
6915         OXR1         0.757134
3764         FXR1         0.752283
794         ASAP2         0.743643
2567        DCTN2         0.741764
3281        ESYT1         0.713142
5951         MON2         0.712186
6815         OAS1         0.710992
8890       SEC16A         0.701587
6309        NADK2         0.699245
4453        HMGN3         0.688179
2995    EEF1AKMT2         0.675341
9417      SMARCA4         0.658720
2830        DOCK1         0.655712
6096         MSI2         0.653347
7777       PRKACB         0.627512
5061       KIF16B         0.626585
8256        RBM10         0.620975
11031        USO1         0.609108
3050       EIF2B4         0.608887
7713       PPP3CB         0.606273
5327        LIMS1         0.604755
7938        PTBP2         0.586581
4890        ITPR1         0.583756
437        AMDHD2         0.583756
6395        NCOR2         0.581157
528        ANP32E         0.581059
7654        PPM1B         0.577616
2387       CTNND1         0.577202
1909       CHMP1A         0.577104
656        ARFIP1         0.576414
100        ACADVL         0.575512
2940     DYNC2LI1         0.570942
9469         SMTN         0.566384
6142         MTDH         0.562550
1731        CDK18         0.551708
5278         LEF1         0.551504
11418      ZC3H14         0.551222
9412        SMAP1         0.544792
4490       HNRNPR         0.542547
10945       UCHL5         0.538487
3785        G3BP2         0.535400
6831         OGDH         0.517377
9698       SRGAP2         0.515227
6392        NCOA7         0.496861
9081      SH3GLB1         0.486412
9561       SORBS1         0.483185
2339      CSNK1A1         0.478672
3775          FYN         0.477397
7708      PPP2R5C         0.473439
11015       UQCRH         0.470157
9375     SLC9A3R2         0.462458
9558          SON         0.458370
1237     C17orf49         0.454144
8011        PUF60         0.445419
11468       ZFP64         0.440281
4050       GOLGB1         0.437693
4052       GOLGB1         0.437367
9654         SPP1         0.434476
5640        MARK2         0.431158
10996        UNKL         0.429988
563         AP2A2         0.418465
8047         PYM1         0.410500
1028        BCAR1         0.409458
8198     RAP1GDS1         0.407253
3505        FBLN1         0.400467
6787       NUP214         0.392821
5142         KNG1         0.392344
10638      TRIM33         0.390422
4492       HNRNPU         0.383965
5317        LIMA1         0.358126
6705         NSD3         0.357413
699      ARHGEF11         0.356760
5056       KIF13A         0.336627
10501      TOM1L1         0.333196
11417      ZC3H14         0.326739
8865        SDCBP         0.298016
10491        TNS1         0.293652
4880        ITIH4         0.287986
5801       METTL9         0.287025
5256         LCOR         0.283091
4483      HNRNPH3         0.282514
3457       FAM49B         0.267401
3032        EHMT1         0.266149
7693       PPP1R7         0.260755
11627       ZNF74         0.253809
8420        RHOT2         0.249752
325          AHSG         0.243333
9931        SYNE1         0.238659
2342       CSNK1D         0.234399
10435        TMPO         0.226546
848         ATG13         0.223389
1088         BIN1         0.223130
1839         CES1         0.222758
955         AURKB         0.219471
11326       XRCC4         0.209534
5488        LYRM4         0.204693
2935      DYNC1I2         0.202759
5235       LARP4B         0.199474
7144       PDLIM5         0.194991
1037        BCCIP         0.194841
10780         TTN         0.173558
1059       BCLAF1         0.165908
4957         KAZN         0.156578
4464        HNF1B         0.145660
6303         NACA         0.144471
5155         KRAS         0.142466
3536       FBXO38         0.141124
11066       USP47         0.141031
666      ARHGAP12         0.125001
5264         LDB3         0.111358
214          ADAR         0.099669
9913         SVIL         0.089814
6336         NASP         0.074613
693       ARHGDIA         0.063147
2454        CYB5A         0.043519
9423      SMARCC2         0.040759
6854         OPA3         0.028755
6563        NISCH         0.021082
6162       MTHFSD         0.017741
6756       NUDT16         0.013976
6226        MYEF2         0.012801
6725       NT5C3A         0.005786
274       AFAP1L2         0.001475
1752       CDKN2A         0.000000
LINE 497 : 2020-06-19 11:12:36,710 [INFO    ] Parsing data files for GSEA.............................
LINE 135 : 2020-06-19 11:12:57,538 [INFO    ] 0137 gene_sets have been filtered out when max_size=500 and min_size=1
LINE 501 : 2020-06-19 11:12:57,538 [INFO    ] 2263 gene_sets used for further statistical testing.....
LINE 502 : 2020-06-19 11:12:57,539 [INFO    ] Start to run GSEA...Might take a while..................
LINE 464 : 2020-06-19 11:12:57,611 [DEBUG   ] Start to compute enrichment scores......................
LINE 488 : 2020-06-19 11:12:57,611 [DEBUG   ] Start to compute es and esnulls........................
LINE 638 : 2020-06-19 11:27:40,512 [DEBUG   ] Start to compute pvals..................................
LINE 642 : 2020-06-19 11:27:40,527 [DEBUG   ] Start to compute nes and nesnull........................
LINE 653 : 2020-06-19 11:27:40,560 [DEBUG   ] Start to compute fdrs..................................
LINE 620 : 2020-06-19 11:27:40,805 [DEBUG   ] Statistical testing finished.............................
LINE 510 : 2020-06-19 11:27:40,807 [INFO    ] Start to generate gseapy reports, and produce figures...
LINE 522 : 2020-06-19 11:27:41,132 [INFO    ] Congratulations. GSEApy runs successfully................

LINE 497 : 2020-06-19 11:27:41,145 [INFO    ] Parsing data files for GSEA.............................
LINE 135 : 2020-06-19 11:27:57,156 [INFO    ] 0257 gene_sets have been filtered out when max_size=500 and min_size=1
LINE 501 : 2020-06-19 11:27:57,156 [INFO    ] 2143 gene_sets used for further statistical testing.....
LINE 502 : 2020-06-19 11:27:57,156 [INFO    ] Start to run GSEA...Might take a while..................
LINE 464 : 2020-06-19 11:27:57,157 [DEBUG   ] Start to compute enrichment scores......................
LINE 488 : 2020-06-19 11:27:57,157 [DEBUG   ] Start to compute es and esnulls........................
LINE 638 : 2020-06-19 11:45:12,104 [DEBUG   ] Start to compute pvals..................................
LINE 642 : 2020-06-19 11:45:12,122 [DEBUG   ] Start to compute nes and nesnull........................
LINE 653 : 2020-06-19 11:45:12,175 [DEBUG   ] Start to compute fdrs..................................
LINE 620 : 2020-06-19 11:45:12,410 [DEBUG   ] Statistical testing finished.............................
LINE 510 : 2020-06-19 11:45:12,418 [INFO    ] Start to generate gseapy reports, and produce figures...
LINE 522 : 2020-06-19 11:45:12,729 [INFO    ] Congratulations. GSEApy runs successfully................

LINE 497 : 2020-06-19 11:45:13,347 [INFO    ] Parsing data files for GSEA.............................
LINE 135 : 2020-06-19 11:45:35,736 [INFO    ] 0211 gene_sets have been filtered out when max_size=500 and min_size=1
LINE 501 : 2020-06-19 11:45:35,736 [INFO    ] 2189 gene_sets used for further statistical testing.....
LINE 502 : 2020-06-19 11:45:35,736 [INFO    ] Start to run GSEA...Might take a while..................
LINE 464 : 2020-06-19 11:45:35,737 [DEBUG   ] Start to compute enrichment scores......................
LINE 488 : 2020-06-19 11:45:35,737 [DEBUG   ] Start to compute es and esnulls........................
LINE 638 : 2020-06-19 11:59:45,736 [DEBUG   ] Start to compute pvals..................................
LINE 642 : 2020-06-19 11:59:45,750 [DEBUG   ] Start to compute nes and nesnull........................
LINE 653 : 2020-06-19 11:59:45,779 [DEBUG   ] Start to compute fdrs..................................
LINE 620 : 2020-06-19 11:59:46,014 [DEBUG   ] Statistical testing finished.............................
LINE 510 : 2020-06-19 11:59:46,017 [INFO    ] Start to generate gseapy reports, and produce figures...
LINE 522 : 2020-06-19 11:59:46,339 [INFO    ] Congratulations. GSEApy runs successfully................

LINE 497 : 2020-06-19 11:59:51,138 [INFO    ] Parsing data files for GSEA.............................
LINE 135 : 2020-06-19 12:00:12,891 [INFO    ] 0190 gene_sets have been filtered out when max_size=500 and min_size=1
LINE 501 : 2020-06-19 12:00:12,891 [INFO    ] 2210 gene_sets used for further statistical testing.....
LINE 502 : 2020-06-19 12:00:12,891 [INFO    ] Start to run GSEA...Might take a while..................
LINE 464 : 2020-06-19 12:00:12,895 [DEBUG   ] Start to compute enrichment scores......................
LINE 488 : 2020-06-19 12:00:12,895 [DEBUG   ] Start to compute es and esnulls........................
LINE 638 : 2020-06-19 12:24:24,131 [DEBUG   ] Start to compute pvals..................................
LINE 642 : 2020-06-19 12:24:24,144 [DEBUG   ] Start to compute nes and nesnull........................
LINE 653 : 2020-06-19 12:24:24,174 [DEBUG   ] Start to compute fdrs..................................
LINE 620 : 2020-06-19 12:24:24,413 [DEBUG   ] Statistical testing finished.............................
LINE 510 : 2020-06-19 12:24:24,418 [INFO    ] Start to generate gseapy reports, and produce figures...
LINE 522 : 2020-06-19 12:24:24,816 [INFO    ] Congratulations. GSEApy runs successfully................

LINE 497 : 2020-06-19 12:24:25,390 [INFO    ] Parsing data files for GSEA.............................
LINE 135 : 2020-06-19 12:24:49,168 [INFO    ] 0149 gene_sets have been filtered out when max_size=500 and min_size=1
LINE 501 : 2020-06-19 12:24:49,168 [INFO    ] 2251 gene_sets used for further statistical testing.....
LINE 502 : 2020-06-19 12:24:49,168 [INFO    ] Start to run GSEA...Might take a while..................
LINE 464 : 2020-06-19 12:24:49,173 [DEBUG   ] Start to compute enrichment scores......................
LINE 488 : 2020-06-19 12:24:49,173 [DEBUG   ] Start to compute es and esnulls........................
LINE 638 : 2020-06-19 12:41:42,252 [DEBUG   ] Start to compute pvals..................................
LINE 642 : 2020-06-19 12:41:42,266 [DEBUG   ] Start to compute nes and nesnull........................
LINE 653 : 2020-06-19 12:41:42,297 [DEBUG   ] Start to compute fdrs..................................
LINE 620 : 2020-06-19 12:41:42,557 [DEBUG   ] Statistical testing finished.............................
LINE 510 : 2020-06-19 12:41:42,562 [INFO    ] Start to generate gseapy reports, and produce figures...
LINE 522 : 2020-06-19 12:41:42,926 [INFO    ] Congratulations. GSEApy runs successfully................

LINE 99  : 2020-06-19 12:41:50,557 [WARNING ] Input gene rankings contains duplicated IDs, Only use the duplicated ID with highest value!
LINE 102 : 2020-06-19 12:41:50,568 [DEBUG   ] Dups list:
         protein_str  one_minus_adj_p
60423          PCBP2         1.000000
60273         OSBPL3         1.000000
60314          P4HA1         1.000000
60303           OXR1         1.000000
60595           PFN2         1.000000
60483        PDCD6IP         1.000000
60507         PDGFRB         1.000000
60537           PDXK         1.000000
60527         PDLIM7         1.000000
59877         NDUFV3         1.000000
59880           NEBL         1.000000
59885        NECTIN2         1.000000
60238           OLA1         1.000000
60087          NRBP1         1.000000
61172        PRPF40A         1.000000
61228          PSMD4         1.000000
61103           PRG4         1.000000
61116         PRKACB         1.000000
61138          PRKG1         1.000000
61144          PRMT1         1.000000
61130         PRKCSH         1.000000
61484          RAI14         1.000000
61467         RAD23A         1.000000
61350            PXN         1.000000
60799           PLEC         1.000000
60801           PLEC         1.000000
60783          PLCD1         1.000000
60840          PLOD2         1.000000
60756           PKP2         1.000000
60748            PKM         1.000000
60973          POSTN         1.000000
60990        PPFIBP1         1.000000
61027       PPP1R12C         1.000000
61025       PPP1R12B         1.000000
60972          POSTN         1.000000
60970          POSTN         1.000000
60969          POSTN         1.000000
60931         POLR1D         1.000000
59814          NCOA7         1.000000
58705           LDB3         1.000000
58706           LDB3         1.000000
58761          LIMS1         1.000000
58753         LIMCH1         1.000000
58582           KNG1         1.000000
58678         LARP4B         1.000000
58652          LAMA4         1.000000
58900          LTA4H         1.000000
58989          MALT1         1.000000
58826           LRBA         1.000000
58831          LRCH4         1.000000
58790           LMNA         1.000000
58795           LMO7         1.000000
58873        LRRFIP1         1.000000
58874        LRRFIP1         1.000000
58296          ITGA6         1.000000
58319          ITIH4         1.000000
58176           ILF3         1.000000
58148          IKBIP         1.000000
58194           INF2         1.000000
58532           KLC1         1.000000
58513          KIF2A         1.000000
58379          KANK2         1.000000
58413         KCTD10         1.000000
59648          MYH10         1.000000
59650          MYH11         1.000000
59666           MYL6         1.000000
59644          MYEF2         1.000000
59670           MYLK         1.000000
59671           MYLK         1.000000
59684          MYO1C         1.000000
59170          MECP2         1.000000
59118          MBNL1         1.000000
59015           MAP2         1.000000
59029        MAP3K20         1.000000
59090          MASP1         1.000000
59080          MARK2         1.000000
59370          MOCS2         1.000000
59407          MPRIP         1.000000
59400           MPP1         1.000000
59223         METAP2         1.000000
63665           TNS1         1.000000
63733           TPP2         1.000000
63725           TPM2         1.000000
63722           TPM1         1.000000
63723           TPM1         1.000000
63600           TMPO         1.000000
63781        TRAPPC9         1.000000
63140         SYNPO2         1.000000
63190          TAOK2         1.000000
63451           TJP3         1.000000
63448           TJP2         1.000000
63446           TJP1         1.000000
64564         ZC3H14         1.000000
64485           YBX3         1.000000
64765         ZNF574         1.000000
64619          ZFP64         1.000000
64029          UBAC2         1.000000
64301         VPS26C         1.000000
64302          VPS29         1.000000
62012           RTN4         1.000000
62022          RUFY3         1.000000
61927          RPS19         1.000000
62265         SERBP1         1.000000
62261          SEPT9         1.000000
62258          SEPT7         1.000000
62257          SEPT7         1.000000
62128         SCARB2         1.000000
62168          SDCBP         1.000000
62134           SCEL         1.000000
61649          REEP4         1.000000
61522          RAPH1         1.000000
61568          RBM10         1.000000
61760          RMDN2         1.000000
62284      SERPINB13         1.000000
62839         SPINT1         1.000000
62816        SPATS2L         1.000000
62853           SPP1         1.000000
62890           SRA1         1.000000
62877         SPTBN1         1.000000
62874         SPTAN1         1.000000
62873         SPTAN1         1.000000
62799          SPAG9         1.000000
62763         SORBS1         1.000000
63017          STK26         1.000000
63074          SUGT1         1.000000
63066         SUCLG2         1.000000
62310            SET         1.000000
62314          SETD7         1.000000
62321            SF1         1.000000
62291       SERPINB6         1.000000
62292       SERPINB6         1.000000
62344          SFTPC         1.000000
62675           SMTN         1.000000
62567         SLC3A2         1.000000
62544        SLC34A2         1.000000
54954           CAP1         1.000000
56676        EPB41L5         1.000000
56672        EPB41L2         1.000000
56671        EPB41L2         1.000000
54885            CA1         1.000000
54934           CALU         1.000000
54938         CAMK2D         1.000000
56640           ENO1         1.000000
54927          CALM2         1.000000
56667        EPB41L1         1.000000
56665          EPB41         1.000000
54922          CALD1         1.000000
54923          CALD1         1.000000
55094         CCDC50         1.000000
56431         DUSP22         1.000000
56404            DST         1.000000
55020           CBFB         1.000000
56477          ECPAS         1.000000
55053         CCDC12         1.000000
56502          EEF1D         1.000000
56497      EEF1AKMT2         1.000000
56870        FAM126A         1.000000
54564         BCAP29         1.000000
54572          BCAT1         1.000000
54573          BCAT1         1.000000
54576          BCCIP         1.000000
54655          BNIP2         1.000000
54739           BZW1         1.000000
56834          FABP3         1.000000
55956        CWF19L1         1.000000
55950           CUX1         1.000000
55609           CNBP         1.000000
55477           CHN1         1.000000
55446           CHD4         1.000000
55528         CLASP1         1.000000
55691         COL6A2         1.000000
55693         COL6A3         1.000000
55826            CRK         1.000000
55912         CTNND1         1.000000
55905           CTIF         1.000000
55903         CTHRC1         1.000000
55894          CTDP1         1.000000
55655         COBLL1         1.000000
55852          CSDE1         1.000000
55275          CDK13         1.000000
56252           DMTN         1.000000
56237           DLG1         1.000000
56330          DNPEP         1.000000
55230           CD99         1.000000
56322           DNM2         1.000000
56320          DNM1L         1.000000
56336          DOCK1         1.000000
55220           CD74         1.000000
56346          DOCK9         1.000000
55389           CES1         1.000000
56216         DIAPH2         1.000000
55326          CELF2         1.000000
56192          DHRS4         1.000000
54004          ALOX5         1.000000
54018         AMDHD2         1.000000
57695           GUK1         1.000000
57713          H2AFY         1.000000
53896          AHNAK         1.000000
53885           AGRN         1.000000
53925         AKAP13         1.000000
53910          AIMP2         1.000000
57788          HDLBP         1.000000
57781           HDGF         1.000000
54130          AP2A2         1.000000
54111          ANXA6         1.000000
54050           ANK3         1.000000
57639            GSN         1.000000
57638            GSN         1.000000
58033          HSPG2         1.000000
53695          ACIN1         1.000000
58035          HSPH1         1.000000
58097          IFIT3         1.000000
53655         ABLIM1         1.000000
53658         ABLIM3         1.000000
58085          IFI16         1.000000
53800           ADD1         1.000000
53803           ADD3         1.000000
53786           ADAR         1.000000
57886       HLA-DRB1         1.000000
53849           AFDN         1.000000
53850           AFDN         1.000000
53864          AGAP3         1.000000
53866           AGER         1.000000
53823           ADH7         1.000000
53742          ACTN4         1.000000
57947         HNRNPM         1.000000
53747          ACTR2         1.000000
57936         HNRNPC         1.000000
53737          ACTN1         1.000000
57952         HNRNPU         1.000000
57933        HNRNPA3         1.000000
57907          HMGA1         1.000000
57906          HMGA1         1.000000
57897           HM13         1.000000
57930        HNRNPA1         1.000000
57249           FXR1         1.000000
57262          G3BP2         1.000000
54388           ATE1         1.000000
54296        ARL6IP4         1.000000
57313           GARS         1.000000
54332          ARRB1         1.000000
57302          GANAB         1.000000
57096           FHL1         1.000000
57069            FGA         1.000000
57169         FNDC3A         1.000000
57133           FLII         1.000000
54254      ARHGEF10L         1.000000
57467          GMPR2         1.000000
57480           GNAS         1.000000
57482           GNAS         1.000000
57444            GLS         1.000000
57416           GIT1         1.000000
60576           PEX5         0.999812
54675          BPNT1         0.999812
60656         PHLDB2         0.999812
54169       APOBEC3D         0.999812
63138          SYNPO         0.999812
56986          FBLN1         0.999812
61412          RAB28         0.999812
60632           PHF1         0.999812
55170          CD163         0.999812
60995         PPHLN1         0.999812
63599           TMPO         0.999812
61207           PSAP         0.999812
56669        EPB41L1         0.999812
54678           BPTF         0.999632
61208           PSAP         0.999632
61600          RBMS1         0.999632
63868        TSC22D1         0.999632
57548        GPATCH2         0.999456
64169           URI1         0.999456
56779            EVL         0.999456
64101          UCHL5         0.999456
60871            PML         0.999456
64673         ZNF207         0.999456
56576          EIF4H         0.999283
57730          HADHB         0.999283
61399          RAB18         0.999283
54771       C17orf49         0.999113
62193         SEC16A         0.999113
60453           PCM1         0.999113
53712           ACP1         0.998944
63258         TBXAS1         0.998944
59700           MYOF         0.998944
55044          CCAR2         0.998944
59130          MCCC1         0.998777
57160           FMR1         0.998777
61718           RHOA         0.998610
56125          DDX54         0.998446
54047           ANK2         0.998282
53897         AHNAK2         0.998282
63689          TOP2B         0.997955
54380          ATAD1         0.997632
53955       ALDH18A1         0.997311
64034         UBAP2L         0.997311
56913        FAM213B         0.996836
57950         HNRNPR         0.996836
53697           ACLY         0.996679
56326          DNMBP         0.996521
61270          PTK2B         0.996521
59632          MXRA7         0.996051
60106           NSD3         0.995895
54485           ATRX         0.995428
60881           PNKD         0.995118
59547           MT1G         0.994503
59840         NDUFA5         0.993296
57307          GAPDH         0.991940
63377         TGOLN2         0.991793
57887       HLA-DRB1         0.991646
63284          TCOF1         0.991051
59679         MYO18A         0.990611
60800           PLEC         0.989881
64268          VEGFA         0.988133
59558          MTCH2         0.986975
63824         TRIP10         0.986113
57049           FDPS         0.984969
62987          STAT1         0.984684
58537          KLF13         0.982832
64556        ZC2HC1A         0.980867
60993         PPHLN1         0.980167
58751          LIMA1         0.979749
57938         HNRNPD         0.978903
56302        DNAJC21         0.978903
58502          KIF1B         0.977378
57889       HLA-DRB1         0.970229
57883       HLA-DQB1         0.969821
59019         MAP2K3         0.966836
64145           UNKL         0.962969
62154          SCRN1         0.960024
61351            PXN         0.958336
57284          GALK2         0.957275
60834          PLIN3         0.949033
57142           FLT1         0.946451
57303          GANAB         0.942068
55299         CDKN2A         0.938480
62990          STAT3         0.937455
63699       TOR1AIP2         0.936553
59395            MPI         0.927055
60497        PDE4DIP         0.926805
64137         UNC45A         0.919428
56673        EPB41L3         0.906038
63135  SYNJ2BP-COX16         0.901780
62761            SON         0.889762
56041           DBNL         0.865430
57519         GOLGB1         0.863813
54600         BCLAF1         0.861084
56166           DFFA         0.860267
60802           PLEC         0.859683
61580          RBM26         0.858512
54209        ARFGAP1         0.855458
57513         GOLGA4         0.837451
64017         U2SURP         0.834200
58076          IDH3G         0.825658
58182           IMMT         0.815271
61354         PYCARD         0.813098
63696       TOR1AIP1         0.803026
62120         SCAMP3         0.795419
54777       C18orf25         0.780852
64467          XRCC4         0.777296
59099          MATN2         0.765481
60358          PALLD         0.763213
60007            NNT         0.756694
55002          CASP8         0.735543
61510       RAP1GDS1         0.732768
55000          CASP7         0.711095
54366         ASNSD1         0.708445
64090           UBTF         0.704824
53687          ACBD5         0.696038
61501         RANBP3         0.681032
54438        ATP5F1C         0.676199
55712         COMMD6         0.665666
63719           TPI1         0.652666
62495       SLC25A10         0.649228
60167          NUDT5         0.625077
57033         FCGR2B         0.622783
57136           FLNB         0.622141
53648           ABI1         0.622035
53825           ADI1         0.601802
58181           IMMT         0.598414
61321          PUF60         0.595007
61656          RELCH         0.583859
60829        PLEKHS1         0.573188
55186          CD274         0.570856
60844          PLPBP         0.548381
64116           UGP2         0.536001
64577        ZCCHC17         0.521241
53680           ACAN         0.511725
57053           FDXR         0.510566
60421          PCBP2         0.505342
64653         ZMYND8         0.496762
60381          PARD3         0.493747
59041         MAP4K4         0.485560
57943         HNRNPK         0.431799
57760          HBS1L         0.421590
57067           FEZ2         0.408637
64000         TXNRD1         0.388057
53980          ALG13         0.381538
60869            PML         0.369624
56721          ERCC6         0.365688
60870            PML         0.365596
56117          DDX46         0.328291
61326           PUM1         0.323316
54216         ARFIP1         0.316108
63954           TUBB         0.306136
56714          ERBIN         0.289356
55206           CD46         0.284378
59577         MTHFSD         0.270432
64180           USO1         0.263028
59740           NADK         0.252788
61322          PUF60         0.248246
60526         PDLIM5         0.248168
64245           VAPA         0.244230
56988          FBLN2         0.240652
54683          BRCC3         0.222127
60996           PPIA         0.204437
58758          LIME1         0.203186
57870          HLA-A         0.175778
53719          ACSF3         0.161433
63728           TPM4         0.138472
60175          NUMA1         0.136565
57162            FN1         0.134948
59053         MAPK14         0.123586
61324          PUF60         0.115258
57456           GM2A         0.104027
55361         CEP170         0.098758
53861          AGAP2         0.094118
58152          IKBKG         0.088741
61452       RABGAP1L         0.078086
58905          LTBP3         0.068148
62620            SLK         0.063476
57873          HLA-C         0.015907
63122            SYK         0.011169
LINE 497 : 2020-06-19 12:41:50,571 [INFO    ] Parsing data files for GSEA.............................
LINE 135 : 2020-06-19 12:42:11,205 [INFO    ] 0173 gene_sets have been filtered out when max_size=500 and min_size=1
LINE 501 : 2020-06-19 12:42:11,205 [INFO    ] 2227 gene_sets used for further statistical testing.....
LINE 502 : 2020-06-19 12:42:11,205 [INFO    ] Start to run GSEA...Might take a while..................
LINE 464 : 2020-06-19 12:42:11,206 [DEBUG   ] Start to compute enrichment scores......................
LINE 488 : 2020-06-19 12:42:11,206 [DEBUG   ] Start to compute es and esnulls........................
LINE 638 : 2020-06-19 13:05:56,347 [DEBUG   ] Start to compute pvals..................................
LINE 642 : 2020-06-19 13:05:56,360 [DEBUG   ] Start to compute nes and nesnull........................
LINE 653 : 2020-06-19 13:05:56,391 [DEBUG   ] Start to compute fdrs..................................
LINE 620 : 2020-06-19 13:05:56,636 [DEBUG   ] Statistical testing finished.............................
LINE 510 : 2020-06-19 13:05:56,641 [INFO    ] Start to generate gseapy reports, and produce figures...
LINE 522 : 2020-06-19 13:05:57,140 [INFO    ] Congratulations. GSEApy runs successfully................

LINE 99  : 2020-06-19 13:05:58,584 [WARNING ] Input gene rankings contains duplicated IDs, Only use the duplicated ID with highest value!
LINE 102 : 2020-06-19 13:05:58,593 [DEBUG   ] Dups list:
      protein_str  one_minus_adj_p
71278       P4HA1         1.000000
71281       P4HA2         1.000000
71309       PAIP1         1.000000
71291       PACS2         1.000000
71470      PDLIM7         1.000000
71430     PDCD6IP         1.000000
71357       PARP9         1.000000
70880     NECTIN2         1.000000
70874        NEBL         1.000000
70760        NASP         1.000000
71047        NPNT         1.000000
71041       NPHP4         1.000000
70994         NNT         1.000000
72043      PRKACB         1.000000
72064       PRKG1         1.000000
72093     PRPF40A         1.000000
71953    PPP1R12B         1.000000
71991     PPP4R3A         1.000000
72242        PURG         1.000000
72275        PYM1         1.000000
72148       PSMD4         1.000000
72128        PSAP         1.000000
72113       PRRC1         1.000000
71642      PIK3R1         1.000000
71717       PLCD1         1.000000
71681         PKM         1.000000
71680         PKM         1.000000
71547        PGM1         1.000000
71535       PGAM5         1.000000
71722       PLCG1         1.000000
71917     PPFIBP1         1.000000
71898       POSTN         1.000000
71897       POSTN         1.000000
71896       POSTN         1.000000
71767       PLIN3         1.000000
71734        PLEC         1.000000
71733        PLEC         1.000000
69594        KLC1         1.000000
69637        KNG1         1.000000
69576       KIF2A         1.000000
69699       LAMA4         1.000000
69834        LMO7         1.000000
69802       LIMS1         1.000000
69868        LRBA         1.000000
69794      LIMCH1         1.000000
69751        LDHA         1.000000
69749        LDB3         1.000000
69219       IKBIP         1.000000
69117       HSPH1         1.000000
69386       ITIH4         1.000000
69368       ITGAL         1.000000
69447       KANK2         1.000000
69444       KALRN         1.000000
69421        JCAD         1.000000
69245        ILF3         1.000000
70667        MYLK         1.000000
70663        MYL6         1.000000
70649       MYH11         1.000000
70693        MYO6         1.000000
70682       MYO1C         1.000000
70050     MAP3K20         1.000000
70039        MAP2         1.000000
70233      METAP2         1.000000
70259         MFF         1.000000
70261       MFGE8         1.000000
70296       MIEF1         1.000000
70186       MECP2         1.000000
74473        TNS1         1.000000
74535        TPP2         1.000000
74528        TPM3         1.000000
74526        TPM2         1.000000
74524        TPM1         1.000000
74419        TMPO         1.000000
74623      TRIP10         1.000000
73980      SYNPO2         1.000000
73979      SYNPO2         1.000000
74033       TAOK2         1.000000
74285        TJP2         1.000000
74283        TJP1         1.000000
74180          TF         1.000000
74226     THEMIS2         1.000000
75255        YBX3         1.000000
75164       WDR54         1.000000
75414      ZNF185         1.000000
74909        UGP2         1.000000
74893       UCHL5         1.000000
74874      UBQLN1         1.000000
74867        UBL7         1.000000
74831       UBE2C         1.000000
73061       SDCBP         1.000000
73027        SCEL         1.000000
73026        SCEL         1.000000
72989        SARS         1.000000
72499       RBM47         1.000000
72485       RBM26         1.000000
72378      RAD23A         1.000000
72674     RNASEH1         1.000000
72558       RELCH         1.000000
72554       REEP6         1.000000
73689      SPINT1         1.000000
73665     SPATS2L         1.000000
73657     SPATA18         1.000000
73723      SPTBN1         1.000000
73720      SPTAN1         1.000000
73719      SPTAN1         1.000000
73702        SPP1         1.000000
73830       STAT1         1.000000
73231       SFTPC         1.000000
73158      SERBP1         1.000000
73152       SEPT7         1.000000
73146      SEPT10         1.000000
73180    SERPINB6         1.000000
73197         SET         1.000000
73469    SLC9A3R2         1.000000
73444     SLC44A2         1.000000
73438      SLC3A2         1.000000
66879      COL6A3         1.000000
66877      COL6A2         1.000000
66872      COL5A1         1.000000
66903      COMMD9         1.000000
66792        CNBP         1.000000
66834      COBLL1         1.000000
67085        CTIF         1.000000
67083      CTHRC1         1.000000
66947      COX4I1         1.000000
66746      CLINT1         1.000000
66534       CENPE         1.000000
66525       CELF2         1.000000
66441      CD99L2         1.000000
66580        CES1         1.000000
67652       EEF1D         1.000000
67499       DOCK1         1.000000
67494       DNPEP         1.000000
67819       EPB41         1.000000
67828     EPB41L5         1.000000
67722       EIF4B         1.000000
67247       DCTN4         1.000000
67244       DCTN2         1.000000
67237         DCN         1.000000
67125        CUX1         1.000000
67199         DAP         1.000000
67489       DNMBP         1.000000
67420        DMTN         1.000000
67447      DNAJA3         1.000000
67487        DNM2         1.000000
67298       DDX54         1.000000
67386      DIAPH2         1.000000
65401       AP2A2         1.000000
65275       ALOX5         1.000000
65556     ARL6IP4         1.000000
64998        ACP1         1.000000
65022       ACTN1         1.000000
65025       ACTN4         1.000000
64957      ACAD10         1.000000
64943      ABLIM1         1.000000
64940      ABI3BP         1.000000
65170       AHNAK         1.000000
65167      AHCYL2         1.000000
65160        AGRN         1.000000
65140        AGER         1.000000
65176        AHSG         1.000000
65184       AIMP2         1.000000
65137       AGAP2         1.000000
65083        ADD3         1.000000
65079        ADD1         1.000000
65124        AFDN         1.000000
65120       AFAP1         1.000000
65582      ARPC1A         1.000000
66116         CA2         1.000000
66112         CA1         1.000000
66161        CALU         1.000000
66150       CALD1         1.000000
66076          C5         1.000000
66320      CCDC50         1.000000
66221       CASP1         1.000000
66209     CARMIL1         1.000000
65740        ATRX         1.000000
65591       ARRB1         1.000000
65639        ATE1         1.000000
65663        ATL3         1.000000
65820       BCAT1         1.000000
68508      GIMAP4         1.000000
68415        GARS         1.000000
68622      GOLGB1         1.000000
68585        GNAS         1.000000
68521        GIT2         1.000000
68519        GIT1         1.000000
68575       GNA12         1.000000
68194         FGA         1.000000
68219        FHL1         1.000000
68112       FBLN1         1.000000
68267        FMN1         1.000000
68253        FLII         1.000000
68062      FAM49B         1.000000
68875       HDDC3         1.000000
68831        HAGH         1.000000
67907       ESYT1         1.000000
69018     HNRNPA3         1.000000
69015     HNRNPA1         1.000000
69022      HNRNPC         1.000000
69034      HNRNPU         1.000000
69031      HNRNPR         1.000000
68991       HMGA1         1.000000
68693        GPX3         1.000000
68792        GUK1         1.000000
66554     CEP170B         0.999812
75319     ZC2HC1A         0.999812
65475     ARFGAP1         0.999812
73047       SCRN1         0.999812
68410       GAPDH         0.999812
71569        PHF1         0.999812
71921      PPHLN1         0.999632
73990       SYTL2         0.999456
71532        PFN2         0.999456
68828       HADHB         0.999456
71737        PLEC         0.999456
70134       MBNL1         0.999283
71922        PPIA         0.999283
65483      ARFIP1         0.999113
67682       EHBP1         0.999113
73368     SLC25A1         0.999113
73337       SKAP1         0.998944
67755         ELN         0.998777
67824     EPB41L2         0.998777
69023      HNRNPD         0.998777
69914     LRRFIP1         0.998446
70675      MYO18A         0.998118
71799         PML         0.997793
67822     EPB41L1         0.997471
67045       CSDE1         0.997311
71900       POSTN         0.996679
66311      CCDC25         0.996521
66152       CALD1         0.996207
65829       BCL10         0.996051
71735        PLEC         0.995584
68740         GSN         0.995428
65317        ANK3         0.991793
66552      CEP170         0.991646
73085      SEC16A         0.990903
67342        DFFA         0.989146
69263        INF2         0.987696
74964        USO1         0.987551
65232    ALDH18A1         0.987123
70550        MT1G         0.984825
74665     TSC22D1         0.984825
71469      PDLIM5         0.978346
67707       EIF2D         0.977378
70527        MSLN         0.977096
71319       PALLD         0.975036
73512     SMARCC2         0.971866
73206      SEZ6L2         0.969821
69725      LARP4B         0.969282
68371       G3BP2         0.967107
68974    HLA-DRB1         0.965902
68280         FN1         0.964167
66182        CAP1         0.961762
69156       IDH3G         0.961630
66385       CD163         0.961361
74130       TCOF1         0.960693
71763     PLEKHS1         0.960558
73208         SF1         0.958604
65006       ACSL1         0.957805
65845      BCLAF1         0.957671
71071       NRBP1         0.957010
68972    HLA-DRB1         0.952322
71111        NT5E         0.951264
70562       MTCH2         0.945024
71379       PCBP2         0.941684
74505       TOR2A         0.933742
72920       RUFY3         0.932467
64911       ABCC4         0.931081
70619        MUC4         0.930826
72426       RAPH1         0.928550
69913     LRRFIP1         0.926560
64982        ACLY         0.926309
71705        PLAA         0.920043
73491         SLK         0.915916
70223       MEMO1         0.915547
66165      CAMK2D         0.915306
73155       SEPT9         0.915061
67252     DCUN1D1         0.910205
67405         DLD         0.906038
71452        PDHB         0.905663
70337        MLPH         0.900817
66271       CCAR2         0.898985
65622      ASNSD1         0.898519
73505     SMARCA1         0.895449
75025        VAPA         0.889518
69799       LIME1         0.888074
66001    C17orf49         0.883821
73922       SUGT1         0.878554
66899      COMMD6         0.875810
66107     C9orf64         0.873887
65382       ANXA6         0.872826
69325     IRF2BP2         0.868770
69930        LSM4         0.865093
68883       HDLBP         0.861205
68278        FMR1         0.853115
68813       H2AFY         0.848210
70636       MXRA7         0.847275
65256       ALG13         0.845057
73420     SLC34A2         0.836264
73833       STAT3         0.832933
71934       PPIL3         0.818425
68115       FBLN2         0.801852
74523        TPM1         0.796078
68975    HLA-DRB1         0.790119
71811        PNKD         0.784559
73288        SHC1         0.783569
74826      UBAP2L         0.778176
68739         GSN         0.752283
69830        LMNA         0.741547
72911        RTN3         0.728250
67796        ENO1         0.725288
66807      CNOT10         0.721353
68109      FBLIM1         0.716591
73752         SRI         0.696956
75336     ZCCHC17         0.691014
68257        FLNB         0.687467
72130        PSAP         0.687145
68263        FLT1         0.674843
68175        FDPS         0.667585
72551       REEP4         0.662487
72264      PYCARD         0.657783
67161      CYFIP1         0.652666
73020      SCARB2         0.649007
68551         GLS         0.643408
69250        IMMT         0.628994
66439        CD99         0.603448
75240       XRCC4         0.593215
66231       CASP8         0.556167
68968    HLA-DQB1         0.555980
67618         ECD         0.523732
68955       HLA-A         0.521040
73153       SEPT7         0.503838
69214       IGSF3         0.503242
66061     C2orf49         0.497653
70579      MTHFSD         0.479471
65822       BCCIP         0.459570
73965         SYK         0.455640
70381       MOCS2         0.431253
74532        TPMT         0.421136
74584     TRAPPC9         0.415182
68426     GATAD2A         0.411935
66749       CLIP1         0.401967
72538       RCOR3         0.398610
71153       NUMA1         0.396058
66429        CD74         0.379035
69792       LIMA1         0.376240
72237       PUF60         0.365286
69564       KIF1B         0.314596
72194      PTP4A2         0.312256
66235        CAST         0.295427
70737        NADK         0.292172
74418        TMPO         0.287257
74501    TOR1AIP1         0.271843
71267        OXR1         0.264355
67734       EIF4H         0.237928
70699        MYOF         0.228865
67290       DDX46         0.225407
73885       STRN3         0.222127
73860       STK26         0.218746
68178        FDXR         0.202759
72362    RABGAP1L         0.196209
70647       MYH10         0.187160
68620      GOLGB1         0.180894
71798         PML         0.177114
65690     ATP5F1C         0.169816
72453      RASSF5         0.164938
68958       HLA-C         0.163280
70872      NDUFV3         0.135906
65164      AGTRAP         0.129764
68560       GLYR1         0.120160
70645       MYEF2         0.114483
68140      FBXO38         0.107740
66248        CBFB         0.100429
67560         DST         0.095963
71525      PFKFB2         0.079516
65809         BBX         0.054039
73651       SPAG9         0.044867
67069       CSTF2         0.012391
68571       GMPR2         0.012348
74530        TPM4         0.011884
LINE 497 : 2020-06-19 13:05:58,596 [INFO    ] Parsing data files for GSEA.............................
LINE 135 : 2020-06-19 13:06:18,003 [INFO    ] 0187 gene_sets have been filtered out when max_size=500 and min_size=1
LINE 501 : 2020-06-19 13:06:18,003 [INFO    ] 2213 gene_sets used for further statistical testing.....
LINE 502 : 2020-06-19 13:06:18,003 [INFO    ] Start to run GSEA...Might take a while..................
LINE 464 : 2020-06-19 13:06:18,004 [DEBUG   ] Start to compute enrichment scores......................
LINE 488 : 2020-06-19 13:06:18,004 [DEBUG   ] Start to compute es and esnulls........................
LINE 638 : 2020-06-19 13:19:38,518 [DEBUG   ] Start to compute pvals..................................
LINE 642 : 2020-06-19 13:19:38,532 [DEBUG   ] Start to compute nes and nesnull........................
LINE 653 : 2020-06-19 13:19:38,563 [DEBUG   ] Start to compute fdrs..................................
LINE 620 : 2020-06-19 13:19:38,801 [DEBUG   ] Statistical testing finished.............................
LINE 510 : 2020-06-19 13:19:38,806 [INFO    ] Start to generate gseapy reports, and produce figures...
LINE 522 : 2020-06-19 13:19:39,117 [INFO    ] Congratulations. GSEApy runs successfully................

LINE 99  : 2020-06-19 13:19:46,313 [WARNING ] Input gene rankings contains duplicated IDs, Only use the duplicated ID with highest value!
LINE 102 : 2020-06-19 13:19:46,326 [DEBUG   ] Dups list:
      protein_str  one_minus_adj_p
80787       MECP2         1.000000
80776        MDH2         1.000000
80671      MAPK14         1.000000
80645     MAP3K20         1.000000
80716       MATN2         1.000000
80688        MAPT         1.000000
81178      MTHFSD         1.000000
81018       MRE11         1.000000
80860       MFAP5         1.000000
80345        LDB3         1.000000
80123    KIAA1191         1.000000
80214        KNG1         1.000000
80539       LUC7L         1.000000
80533       LTBP4         1.000000
80422        LMNA         1.000000
80421        LMNA         1.000000
80398       LIMS2         1.000000
80397       LIMS1         1.000000
77341      CLINT1         1.000000
80425       LMNB1         1.000000
81222       MXRA7         1.000000
82017       PCBP2         1.000000
76884        CAV1         1.000000
82016       PCBP2         1.000000
81904       P4HA1         1.000000
81840      OLFML3         1.000000
81947        PALM         1.000000
81915      PABPC4         1.000000
82320         PKM         1.000000
82350       PLCD1         1.000000
76812      CAMK2G         1.000000
82119      PDLIM7         1.000000
82118      PDLIM7         1.000000
82299     PIP4K2A         1.000000
81350        NAPB         1.000000
77054        CD99         1.000000
81488       NEDD4         1.000000
81424       NDRG2         1.000000
81423       NDRG2         1.000000
81277       MYO1C         1.000000
81244       MYH14         1.000000
81241       MYH11         1.000000
81239       MYH10         1.000000
81236       MYEF2         1.000000
81268        MYLK         1.000000
81267        MYLK         1.000000
81263        MYL6         1.000000
81760       NUDT5         1.000000
81522       NFASC         1.000000
81659        NPM1         1.000000
81622       NOLC1         1.000000
77833         DCN         1.000000
77841       DCTN2         1.000000
77889       DDX46         1.000000
78798         FGB         1.000000
79017       GANAB         1.000000
78976       G3BP2         1.000000
78962        FXR1         1.000000
78835      FIP1L1         1.000000
78864        FLNA         1.000000
78865        FLNB         1.000000
78520       ESRP1         1.000000
78248       EEF1D         1.000000
78023        DMTN         1.000000
78163        DTNA         1.000000
78157         DST         1.000000
78092       DOCK1         1.000000
78136      DPYSL2         1.000000
78418      ENTPD1         1.000000
78360         ELN         1.000000
78359         ELN         1.000000
77982      DIAPH2         1.000000
78332      EIF4G1         1.000000
78331      EIF4G1         1.000000
79728       HSPG2         1.000000
79636      HNRNPU         1.000000
79634      HNRNPR         1.000000
79632      HNRNPM         1.000000
79628      HNRNPK         1.000000
79848        ILF3         1.000000
80033        JPT1         1.000000
79992       ITIH4         1.000000
77470      COL6A2         1.000000
77472      COL6A3         1.000000
79971       ITGA7         1.000000
79969       ITGA6         1.000000
79330         GSN         1.000000
79329         GSN         1.000000
77735       CWC27         1.000000
79185        GNAS         1.000000
79184        GNAS         1.000000
79598       HMGN3         1.000000
79597       HMGN3         1.000000
79584       HMGA1         1.000000
79576        HM13         1.000000
79621      HNRNPD         1.000000
79619      HNRNPC         1.000000
79612     HNRNPA1         1.000000
79616     HNRNPAB         1.000000
79422        HAGH         1.000000
84534       STRN3         1.000000
84628        SYNM         1.000000
84619       SYNE1         1.000000
84617     SYNCRIP         1.000000
84607        SVIL         1.000000
76054        AOC3         1.000000
76034      ANP32E         1.000000
84633      SYNPO2         1.000000
75985        ANK1         1.000000
75986        ANK2         1.000000
84152     SMARCA4         1.000000
84138       SLMAP         1.000000
84137       SLMAP         1.000000
84135         SLK         1.000000
84373      SPTAN1         1.000000
84344      SPINT1         1.000000
84377      SPTBN1         1.000000
76107       APOA1         1.000000
84278      SORBS2         1.000000
84277      SORBS2         1.000000
84275      SORBS1         1.000000
84274      SORBS1         1.000000
84317     SPATA18         1.000000
84311       SPAG9         1.000000
75905       ALDH2         1.000000
75691       ACSL1         1.000000
85918        YBX3         1.000000
85902       XRCC6         1.000000
75663       ACIN1         1.000000
86058       ZMYM3         1.000000
86064      ZMYND8         1.000000
85482      UBAP2L         1.000000
85171        TPM1         1.000000
85170        TPM1         1.000000
85169        TPM1         1.000000
75857       AIMP2         1.000000
85174        TPM2         1.000000
85176        TPM3         1.000000
85175        TPM3         1.000000
85115        TNS1         1.000000
75892        ALAD         1.000000
75898    ALDH18A1         1.000000
85139       TOP2B         1.000000
75764        ADD3         1.000000
85481      UBAP2L         1.000000
75752        ADAR         1.000000
85465      U2SURP         1.000000
75762        ADD1         1.000000
85251      TRIM33         1.000000
85394        TUBB         1.000000
84161     SMARCC2         1.000000
83068        RALY         1.000000
83072         RAN         1.000000
82900       PUF60         1.000000
82867      PTPN11         1.000000
82902        PUM1         1.000000
76503      BCLAF1         1.000000
82556        PPIA         1.000000
82632     PPP4R3A         1.000000
82590    PPP1R12C         1.000000
76728       C4BPB         1.000000
82554      PPHLN1         1.000000
82836       PTBP2         1.000000
82834       PTBP1         1.000000
82674        PRG4         1.000000
82707       PRKG1         1.000000
76657    C17orf49         1.000000
76353      ATP2B4         1.000000
83562        RTN4         1.000000
83563        RTN4         1.000000
83564        RTN4         1.000000
83572       RUFY3         1.000000
76336      ATP11C         1.000000
83545        RSU1         1.000000
83857         SF1         1.000000
83844         SET         1.000000
83843         SET         1.000000
83806      SERBP1         1.000000
83730      SEC11A         1.000000
83797       SEPT5         1.000000
83695       SCRIB         1.000000
76308        ATE1         1.000000
78324      EIF4E2         0.999812
80127    KIAA1217         0.999812
82531       POSTN         0.999812
82533       POSTN         0.999812
82534       POSTN         0.999812
82496      POLR2E         0.999812
85985      ZC3H14         0.999812
84048     SLC29A1         0.999812
81379       NCAM1         0.999812
85179        TPM4         0.999812
84698      TATDN1         0.999812
79222      GOLGB1         0.999812
79599       HMGN3         0.999812
83654        SBSN         0.999812
85620        USO1         0.999812
78455       EPHX2         0.999812
85381         TTN         0.999812
77464      COL5A1         0.999812
77649      CSNK2B         0.999632
79586       HMGA1         0.999632
84493       STAU1         0.999632
76567       BPNT1         0.999632
85401      TUBB4A         0.999632
80140      KIF13A         0.999632
79996        ITPA         0.999632
83801       SEPT7         0.999456
81769       NUMA1         0.999456
86113      ZNF326         0.999456
85271      TRIP10         0.999456
82700      PRKCSH         0.999456
76044       ANXA4         0.999456
76940      CCDC50         0.999283
76797       CALD1         0.999283
83016       RAB6A         0.999283
84630       SYNPO         0.999283
80528       LTBP1         0.999283
85705       VDAC3         0.999113
85320        TSFM         0.999113
77309      CLASP2         0.999113
81157       MTCH2         0.999113
81922     PACSIN2         0.999113
82769        PSAP         0.999113
77170     CEP170B         0.998944
78088       DNPEP         0.998944
76574        BRD2         0.998777
81158       MTCH2         0.998777
83708       SDCBP         0.998610
83952        SIK3         0.998610
80463       LRCH4         0.998610
77005       CD163         0.998610
85054      TMEM94         0.998610
82112      PDLIM3         0.998446
81662        NPNT         0.998446
79471      HDGFL2         0.998282
84738     TBL1XR1         0.998118
81532        NFIX         0.998118
84026     SLC25A3         0.998118
80559      LYPLA1         0.998118
76150     ARFGAP1         0.998118
78680      FAM49B         0.998118
78337       EIF4H         0.998118
81632        NOP2         0.998118
81936       PAIP1         0.997955
81122        MSLN         0.997955
78885        FMR1         0.997955
81906       P4HA2         0.997955
79954        IST1         0.997793
80699       MARK2         0.997632
82427         PML         0.997632
82824       PSMF1         0.997471
77571       CPSF2         0.997311
76231     ARL6IP4         0.997311
85066        TMPO         0.997152
82683      PRKACB         0.997152
84157     SMARCB1         0.996994
82797       PSMC1         0.996994
85382         TTN         0.996836
85123        TOM1         0.996836
77361        CLTB         0.996679
83679        SCEL         0.996521
75682        ACP2         0.996521
85064        TMPO         0.996521
82429         PML         0.996207
82428         PML         0.996207
81828      OGFOD2         0.996051
82216        PHF1         0.995740
80557      LYPLA1         0.995740
77584         CPZ         0.995428
81781      NUP214         0.995272
83650       SBNO1         0.995118
79210      GNPDA2         0.995118
79284        GPS1         0.994965
79933     IRF2BP2         0.994503
84064     SLC34A2         0.994350
81946       PALLD         0.994350
81172     MTHFD1L         0.994197
85466        UACA         0.994047
79891        INSR         0.993894
75632      ABLIM1         0.993894
80863         MFF         0.993746
76798       CALD1         0.993746
81815       OBSCN         0.993596
76230     ARL6IP4         0.993445
78433     EPB41L2         0.993296
75815       AGAP3         0.993296
78697      FAM98A         0.992995
76068       AP2A2         0.992239
81227      MYBPC1         0.992091
81229      MYBPC1         0.992091
81207        MUC1         0.991940
78020        DMKN         0.991793
78723       FBLN1         0.991496
77307      CLASP1         0.991199
83037        RAC1         0.991051
78404        ENO1         0.990611
78334      EIF4G2         0.990174
81129       MSRB3         0.990027
76058       AP1B1         0.989881
84908        TJP1         0.989735
76804        CALU         0.989735
80714       MAT2B         0.989440
84845      TGOLN2         0.989294
82945         QKI         0.989146
82374     PLEKHA5         0.989002
85540        UBTF         0.988710
76479       BCCIP         0.988421
84880       TIAL1         0.988133
77694      CTNND1         0.986542
81571       NIPBL         0.985827
78299      EIF2B4         0.984969
80098       KDM5C         0.984401
77394        CNN3         0.984260
78079       DNM1L         0.984116
85148    TOR1AIP2         0.984116
75708       ACTN1         0.983830
78084       DNMT1         0.983688
79917       IQCA1         0.983545
79237       GOSR1         0.983119
79045        GBF1         0.982976
84804         TES         0.982832
86174      ZNF618         0.982273
86175      ZNF618         0.981424
79020       GAPDH         0.980726
76076       AP3D1         0.980449
83916     SH3GLB1         0.980449
78077       DNM1L         0.980167
83077      RANBP3         0.979606
82741       PRPS1         0.978208
76063       AP1M2         0.976689
83664      SCAMP2         0.976550
79772       IFI16         0.975858
80458        LRBA         0.975721
83240        RFC2         0.974485
76293        ASPH         0.974485
85684        VAPA         0.973937
85383         TTN         0.972548
78151         DSE         0.970633
76992        CCT2         0.970499
83134      RBFOX2         0.968466
83803       SEPT9         0.968466
82926         PXN         0.968466
85409     TUBGCP2         0.968190
78803        FGD4         0.967107
84817       TFCP2         0.966037
81474         NEB         0.965504
81475         NEB         0.965504
85405       TUBB6         0.964436
77045        CD74         0.964031
76670    C19orf33         0.961092
75799         AES         0.961092
84295       SP100         0.958204
85275      TRIP12         0.956885
85650       USP47         0.956885
78184         DUT         0.956364
81999        PAX8         0.952710
85106       TNNT3         0.952322
76292        ASPH         0.951128
84613         SYK         0.949687
75688       ACSF3         0.947874
80299       LAMA3         0.946063
78559       EXOC7         0.945024
84771       TCOF1         0.943355
75988        ANK3         0.943228
84940      TM9SF1         0.942589
78725       FBLN2         0.942333
78993      GAGE13         0.940649
80660      MAP4K4         0.937715
83919     SH3KBP1         0.936819
78397        ENAH         0.933486
76276       ASAP2         0.927550
78768      FCGR2B         0.926805
80429        LMO7         0.926066
85584         UNG         0.923571
76475       BCAT1         0.922314
78466     EPS15L1         0.921683
76158      ARFIP1         0.919920
81478        NEBL         0.912203
76455         BAX         0.907142
78861        FLII         0.902494
76446      BAIAP2         0.902259
82783       PSMA6         0.898391
76238      ARMC10         0.896544
79418        HADH         0.895094
81483     NECTIN2         0.893870
78986      GABPB1         0.893382
85067        TMPO         0.892056
85455      TYROBP         0.890958
80658      MAP4K4         0.887348
85349       TTC17         0.887110
75912     ALDH6A1         0.883457
86079      ZNF185         0.883220
81894        OXR1         0.880085
86078      ZNF185         0.878083
81287        MYO6         0.866388
77936        DFFA         0.865430
85146    TOR1AIP1         0.860267
82916        PWP1         0.859803
83461       RPRD2         0.859683
76159      ARFIP2         0.857435
76080       AP3S1         0.852877
78549       EXOC1         0.852407
79023      GAPVD1         0.852177
76472       BCAS3         0.846706
76609        BTF3         0.844348
78187        DVL1         0.843302
78628     FAM118B         0.834095
77491      COMMD6         0.831672
82788       PSMB2         0.831102
83560        RTN3         0.824735
82115      PDLIM5         0.822308
82186       PGAM5         0.822201
76665    C18orf25         0.822201
83398        RPGR         0.820597
75680        ACP1         0.817431
79958      ISYNA1         0.816865
76482      BCKDHB         0.811978
81205        MTX3         0.805637
77398       CNOT1         0.803368
78081        DNM2         0.799022
86063     ZMYND11         0.798360
80632        MAP2         0.796078
80554         LYN         0.794182
77071       CDC42         0.791720
82608      PPP1R8         0.786336
85635       USP28         0.783788
82439        PNKD         0.781539
86126      ZNF414         0.771559
75675       ACOT9         0.769343
79554       HLA-A         0.767182
80635      MAP2K3         0.758448
81811         OAT         0.753675
80581       MACF1         0.753473
82117      PDLIM5         0.751730
84749       TCAF2         0.750256
77809         DBI         0.744546
78432     EPB41L1         0.734225
79225      GOLIM4         0.732020
78005        DLG1         0.726062
77678      CTDSP1         0.725178
77065       CDC27         0.724968
78003        DLG1         0.723225
78525       ESYT1         0.721039
82621     PPP2R5C         0.720302
83047      RAD23A         0.717840
81148        MT1G         0.717097
81473      NDUFV3         0.715219
80734       MBNL1         0.712498
84095     SLC44A2         0.711751
84121      SLC9A6         0.707485
85314     TSC22D3         0.704048
77729        CUX1         0.701389
78371        ELP3         0.697908
78853       FKBP8         0.697485
79557       HLA-C         0.692268
79607       HMOX2         0.692047
80763       MCMBP         0.691515
78431     EPB41L1         0.689897
76854     CARMIL1         0.681032
80148       KIF1B         0.677473
82552     PPFIBP1         0.676943
79827       IKBIP         0.675254
77281      CHURC1         0.669379
80531       LTBP3         0.655815
85403       TUBB6         0.655608
75712       ACTN4         0.652666
82330        PKP4         0.639793
76595       BSCL2         0.637953
85610        URI1         0.635887
77872      DDX19A         0.635358
78076        DNM1         0.631918
85416       TUFT1         0.629613
82179        PFKP         0.627006
77135        CDV3         0.622035
77811        DBNL         0.621278
77847     DCUN1D1         0.620339
84324     SPATS2L         0.611348
80501     LRRFIP1         0.610647
78166      DTNBP1         0.606930
79887      INPP5F         0.599528
83058       RAI14         0.598414
83736      SEC16A         0.598310
82994       RAB34         0.598023
80828       MEPCE         0.593808
85646        USP4         0.592688
85854       WIPI2         0.590739
81817      OCIAD1         0.588169
76244       ARMC8         0.575007
76243       ARMC8         0.573911
77609         CRK         0.571658
80836      METAP2         0.559635
83557        RTN1         0.552098
85447      TXNRD1         0.545784
76861       CASC4         0.542338
80774        MDH1         0.534277
84487       STAT3         0.527879
82172      PFKFB2         0.525333
82440        PNKD         0.522621
82089     PDE4DIP         0.521855
78438     EPB41L5         0.521642
80387       LIMA1         0.521536
84911        TJP2         0.517796
77089        CDH1         0.510460
79405       H2AFY         0.505634
76598         BSG         0.502017
76826        CAP1         0.492785
76189     ARHGDIA         0.488759
77643     CSNK1G3         0.481441
75917       ALDOA         0.478973
83110      RASAL1         0.476495
83027    RABGAP1L         0.475907
79564    HLA-DQB1         0.475711
85311     TSC22D1         0.470534
79123        GIT2         0.463840
75802     AFAP1L2         0.463159
83855      SEZ6L2         0.448661
79566    HLA-DRB1         0.447149
80998         MPI         0.441508
76863        CASK         0.440378
82363        PLEC         0.435361
82367        PLEC         0.434955
82364        PLEC         0.429039
84839       TGIF1         0.428855
78488       ERCC6         0.421678
80229        KRAS         0.418538
81605         NNT         0.418465
79452       HBS1L         0.418465
84466         ST7         0.412227
83066     RALGAPB         0.409962
85773         WAC         0.409364
83615       SALL2         0.394752
84002      SLC1A5         0.386053
81971       PARD3         0.363536
82365        PLEC         0.355442
81536       NFKB2         0.345808
79548         HK1         0.338626
81973       PARD3         0.332385
76892        CBFB         0.329960
83172       RBMS1         0.318533
78842      FKBP11         0.317949
78916       FOXP4         0.317751
75664        ACLY         0.311171
78888         FN1         0.302354
79853        IMMT         0.299090
76590       BRPF1         0.297552
78887         FN1         0.289436
85871         WT1         0.288235
75804        AFDN         0.283259
83089    RAP1GDS1         0.282691
82928      PYCARD         0.282691
77103       CDK13         0.278083
79822       IGSF3         0.277526
80663      MAP7D1         0.277340
81721      NT5C3A         0.273626
83671      SCARB2         0.268388
85166     TPD52L2         0.252614
85223     TRAPPC3         0.252517
85911        YAP1         0.243892
78785        FDXR         0.243718
85551       UCHL5         0.242032
80392       LIME1         0.236256
81759       NUDT4         0.235504
80997         MPI         0.226488
83914      SH3GL3         0.218555
83087    RAP1GDS1         0.209031
75994      ANKHD1         0.200533
82076       PDCD6         0.196634
77506       COPS2         0.192828
84253        SNX2         0.192554
84356        SPP1         0.185630
79160       GLYR1         0.173558
82181        PFN2         0.171212
81866      OSBPL3         0.168352
81701        NSD3         0.167086
85220    TRAPPC13         0.165721
80524         LSR         0.161633
85183        TPP2         0.159467
77032        CD46         0.156391
85559        UFM1         0.152622
83279        RHOA         0.139018
79218      GOLGA4         0.125411
84571       SUGT1         0.120303
82264      PICALM         0.109460
84452      SSSCA1         0.103336
81396        NCK1         0.099254
84119    SLC9A3R2         0.097874
80975       MOCS2         0.096964
84582       SUMF2         0.095295
78194     DYNC1I2         0.086949
75728       ACYP2         0.086430
84355        SPP1         0.084818
85900       XRCC4         0.078988
84871       THSD4         0.074910
76844       CAPZB         0.070593
83152       RBM26         0.065018
75836      AGTRAP         0.054636
81485     NECTIN3         0.036781
78246   EEF1AKMT2         0.030832
82477     POLDIP3         0.030329
83982      SLAMF6         0.027886
84543       STX16         0.018816
79150         GLS         0.015841
84545       STX16         0.015663
82376     PLEKHA7         0.015365
82395       PLIN3         0.009917
82813       PSMD4         0.007749
81775      NUP155         0.007398
78042      DNAJA3         0.004993
LINE 497 : 2020-06-19 13:19:46,329 [INFO    ] Parsing data files for GSEA.............................
LINE 135 : 2020-06-19 13:20:07,079 [INFO    ] 0202 gene_sets have been filtered out when max_size=500 and min_size=1
LINE 501 : 2020-06-19 13:20:07,080 [INFO    ] 2198 gene_sets used for further statistical testing.....
LINE 502 : 2020-06-19 13:20:07,080 [INFO    ] Start to run GSEA...Might take a while..................
LINE 464 : 2020-06-19 13:20:07,080 [DEBUG   ] Start to compute enrichment scores......................
LINE 488 : 2020-06-19 13:20:07,081 [DEBUG   ] Start to compute es and esnulls........................
LINE 638 : 2020-06-19 13:40:20,059 [DEBUG   ] Start to compute pvals..................................
LINE 642 : 2020-06-19 13:40:20,072 [DEBUG   ] Start to compute nes and nesnull........................
LINE 653 : 2020-06-19 13:40:20,113 [DEBUG   ] Start to compute fdrs..................................
LINE 620 : 2020-06-19 13:40:20,351 [DEBUG   ] Statistical testing finished.............................
LINE 510 : 2020-06-19 13:40:20,356 [INFO    ] Start to generate gseapy reports, and produce figures...
LINE 522 : 2020-06-19 13:40:20,738 [INFO    ] Congratulations. GSEApy runs successfully................

