LINE 402 : 2020-06-17 10:39:00,977 [INFO    ] Parsing data files for GSEA.............................
LINE 380 : 2020-06-17 10:39:00,985 [WARNING ] Warning: Input data contains NA, filled NA with 0
LINE 129 : 2020-06-17 10:39:01,032 [INFO    ] Note: NumExpr detected 32 cores but "NUMEXPR_MAX_THREADS" not set, so enforcing safe limit of 8.
LINE 135 : 2020-06-17 10:39:20,931 [INFO    ] 0032 gene_sets have been filtered out when max_size=500 and min_size=1
LINE 416 : 2020-06-17 10:39:20,931 [INFO    ] 1498 gene_sets used for further statistical testing.....
LINE 417 : 2020-06-17 10:39:20,931 [INFO    ] Start to run GSEA...Might take a while..................
LINE 367 : 2020-06-17 10:39:20,932 [DEBUG   ] Start to permutate classes..............................
LINE 387 : 2020-06-17 10:39:54,451 [DEBUG   ] Start to compute es and esnulls........................
LINE 638 : 2020-06-17 10:47:52,246 [DEBUG   ] Start to compute pvals..................................
LINE 642 : 2020-06-17 10:47:52,260 [DEBUG   ] Start to compute nes and nesnull........................
LINE 653 : 2020-06-17 10:47:52,290 [DEBUG   ] Start to compute fdrs..................................
LINE 620 : 2020-06-17 10:47:52,534 [DEBUG   ] Statistical testing finished.............................
LINE 430 : 2020-06-17 10:47:52,959 [INFO    ] Start to generate GSEApy reports and figures............
LINE 445 : 2020-06-17 10:47:53,188 [INFO    ] Congratulations. GSEApy ran successfully.................

LINE 402 : 2020-06-17 10:47:53,192 [INFO    ] Parsing data files for GSEA.............................
LINE 380 : 2020-06-17 10:47:53,198 [WARNING ] Warning: Input data contains NA, filled NA with 0
LINE 135 : 2020-06-17 10:48:11,719 [INFO    ] 0039 gene_sets have been filtered out when max_size=500 and min_size=1
LINE 416 : 2020-06-17 10:48:11,719 [INFO    ] 1491 gene_sets used for further statistical testing.....
LINE 417 : 2020-06-17 10:48:11,719 [INFO    ] Start to run GSEA...Might take a while..................
LINE 367 : 2020-06-17 10:48:11,720 [DEBUG   ] Start to permutate classes..............................
LINE 387 : 2020-06-17 10:48:46,454 [DEBUG   ] Start to compute es and esnulls........................
LINE 638 : 2020-06-17 10:56:07,344 [DEBUG   ] Start to compute pvals..................................
LINE 642 : 2020-06-17 10:56:07,357 [DEBUG   ] Start to compute nes and nesnull........................
LINE 653 : 2020-06-17 10:56:07,386 [DEBUG   ] Start to compute fdrs..................................
LINE 620 : 2020-06-17 10:56:07,614 [DEBUG   ] Statistical testing finished.............................
LINE 430 : 2020-06-17 10:56:07,987 [INFO    ] Start to generate GSEApy reports and figures............
LINE 445 : 2020-06-17 10:56:08,200 [INFO    ] Congratulations. GSEApy ran successfully.................

LINE 402 : 2020-06-17 10:56:08,219 [INFO    ] Parsing data files for GSEA.............................
LINE 380 : 2020-06-17 10:56:08,224 [WARNING ] Warning: Input data contains NA, filled NA with 0
LINE 135 : 2020-06-17 10:56:21,658 [INFO    ] 0059 gene_sets have been filtered out when max_size=500 and min_size=1
LINE 416 : 2020-06-17 10:56:21,658 [INFO    ] 1471 gene_sets used for further statistical testing.....
LINE 417 : 2020-06-17 10:56:21,658 [INFO    ] Start to run GSEA...Might take a while..................
LINE 367 : 2020-06-17 10:56:21,660 [DEBUG   ] Start to permutate classes..............................
LINE 387 : 2020-06-17 10:56:43,306 [DEBUG   ] Start to compute es and esnulls........................
LINE 638 : 2020-06-17 11:02:08,625 [DEBUG   ] Start to compute pvals..................................
LINE 642 : 2020-06-17 11:02:08,638 [DEBUG   ] Start to compute nes and nesnull........................
LINE 653 : 2020-06-17 11:02:08,662 [DEBUG   ] Start to compute fdrs..................................
LINE 620 : 2020-06-17 11:02:08,884 [DEBUG   ] Statistical testing finished.............................
LINE 430 : 2020-06-17 11:02:09,164 [INFO    ] Start to generate GSEApy reports and figures............
LINE 445 : 2020-06-17 11:02:09,364 [INFO    ] Congratulations. GSEApy ran successfully.................

LINE 402 : 2020-06-17 11:02:09,375 [INFO    ] Parsing data files for GSEA.............................
LINE 380 : 2020-06-17 11:02:09,381 [WARNING ] Warning: Input data contains NA, filled NA with 0
LINE 135 : 2020-06-17 11:02:27,986 [INFO    ] 0042 gene_sets have been filtered out when max_size=500 and min_size=1
LINE 416 : 2020-06-17 11:02:27,986 [INFO    ] 1488 gene_sets used for further statistical testing.....
LINE 417 : 2020-06-17 11:02:27,986 [INFO    ] Start to run GSEA...Might take a while..................
LINE 367 : 2020-06-17 11:02:27,988 [DEBUG   ] Start to permutate classes..............................
LINE 387 : 2020-06-17 11:02:50,942 [DEBUG   ] Start to compute es and esnulls........................
LINE 638 : 2020-06-17 11:10:13,392 [DEBUG   ] Start to compute pvals..................................
LINE 642 : 2020-06-17 11:10:13,405 [DEBUG   ] Start to compute nes and nesnull........................
LINE 653 : 2020-06-17 11:10:13,433 [DEBUG   ] Start to compute fdrs..................................
LINE 620 : 2020-06-17 11:10:13,662 [DEBUG   ] Statistical testing finished.............................
LINE 430 : 2020-06-17 11:10:14,046 [INFO    ] Start to generate GSEApy reports and figures............
LINE 445 : 2020-06-17 11:10:14,258 [INFO    ] Congratulations. GSEApy ran successfully.................

LINE 402 : 2020-06-17 11:10:14,269 [INFO    ] Parsing data files for GSEA.............................
LINE 380 : 2020-06-17 11:10:14,276 [WARNING ] Warning: Input data contains NA, filled NA with 0
LINE 135 : 2020-06-17 11:10:31,829 [INFO    ] 0034 gene_sets have been filtered out when max_size=500 and min_size=1
LINE 416 : 2020-06-17 11:10:31,829 [INFO    ] 1496 gene_sets used for further statistical testing.....
LINE 417 : 2020-06-17 11:10:31,829 [INFO    ] Start to run GSEA...Might take a while..................
LINE 367 : 2020-06-17 11:10:31,830 [DEBUG   ] Start to permutate classes..............................
LINE 387 : 2020-06-17 11:11:02,818 [DEBUG   ] Start to compute es and esnulls........................
LINE 638 : 2020-06-17 11:18:03,640 [DEBUG   ] Start to compute pvals..................................
LINE 642 : 2020-06-17 11:18:03,653 [DEBUG   ] Start to compute nes and nesnull........................
LINE 653 : 2020-06-17 11:18:03,677 [DEBUG   ] Start to compute fdrs..................................
LINE 620 : 2020-06-17 11:18:03,908 [DEBUG   ] Statistical testing finished.............................
LINE 430 : 2020-06-17 11:18:04,269 [INFO    ] Start to generate GSEApy reports and figures............
LINE 445 : 2020-06-17 11:18:04,477 [INFO    ] Congratulations. GSEApy ran successfully.................

LINE 402 : 2020-06-17 11:18:04,495 [INFO    ] Parsing data files for GSEA.............................
LINE 380 : 2020-06-17 11:18:04,503 [WARNING ] Warning: Input data contains NA, filled NA with 0
LINE 135 : 2020-06-17 11:18:23,461 [INFO    ] 0036 gene_sets have been filtered out when max_size=500 and min_size=1
LINE 416 : 2020-06-17 11:18:23,461 [INFO    ] 1494 gene_sets used for further statistical testing.....
LINE 417 : 2020-06-17 11:18:23,461 [INFO    ] Start to run GSEA...Might take a while..................
LINE 367 : 2020-06-17 11:18:23,462 [DEBUG   ] Start to permutate classes..............................
LINE 387 : 2020-06-17 11:18:55,222 [DEBUG   ] Start to compute es and esnulls........................
LINE 638 : 2020-06-17 11:26:31,386 [DEBUG   ] Start to compute pvals..................................
LINE 642 : 2020-06-17 11:26:31,400 [DEBUG   ] Start to compute nes and nesnull........................
LINE 653 : 2020-06-17 11:26:31,426 [DEBUG   ] Start to compute fdrs..................................
LINE 620 : 2020-06-17 11:26:31,664 [DEBUG   ] Statistical testing finished.............................
LINE 430 : 2020-06-17 11:26:32,084 [INFO    ] Start to generate GSEApy reports and figures............
LINE 445 : 2020-06-17 11:26:32,311 [INFO    ] Congratulations. GSEApy ran successfully.................

LINE 402 : 2020-06-17 11:26:32,324 [INFO    ] Parsing data files for GSEA.............................
LINE 380 : 2020-06-17 11:26:32,330 [WARNING ] Warning: Input data contains NA, filled NA with 0
LINE 135 : 2020-06-17 11:26:51,075 [INFO    ] 0038 gene_sets have been filtered out when max_size=500 and min_size=1
LINE 416 : 2020-06-17 11:26:51,076 [INFO    ] 1492 gene_sets used for further statistical testing.....
LINE 417 : 2020-06-17 11:26:51,076 [INFO    ] Start to run GSEA...Might take a while..................
LINE 367 : 2020-06-17 11:26:51,077 [DEBUG   ] Start to permutate classes..............................
LINE 387 : 2020-06-17 11:27:08,521 [DEBUG   ] Start to compute es and esnulls........................
LINE 638 : 2020-06-17 11:34:38,982 [DEBUG   ] Start to compute pvals..................................
LINE 642 : 2020-06-17 11:34:38,995 [DEBUG   ] Start to compute nes and nesnull........................
LINE 653 : 2020-06-17 11:34:39,024 [DEBUG   ] Start to compute fdrs..................................
LINE 620 : 2020-06-17 11:34:39,253 [DEBUG   ] Statistical testing finished.............................
LINE 430 : 2020-06-17 11:34:39,646 [INFO    ] Start to generate GSEApy reports and figures............
LINE 445 : 2020-06-17 11:34:39,860 [INFO    ] Congratulations. GSEApy ran successfully.................

LINE 402 : 2020-06-17 11:34:39,872 [INFO    ] Parsing data files for GSEA.............................
LINE 380 : 2020-06-17 11:34:39,877 [WARNING ] Warning: Input data contains NA, filled NA with 0
LINE 135 : 2020-06-17 11:34:56,814 [INFO    ] 0050 gene_sets have been filtered out when max_size=500 and min_size=1
LINE 416 : 2020-06-17 11:34:56,814 [INFO    ] 1480 gene_sets used for further statistical testing.....
LINE 417 : 2020-06-17 11:34:56,814 [INFO    ] Start to run GSEA...Might take a while..................
LINE 367 : 2020-06-17 11:34:56,815 [DEBUG   ] Start to permutate classes..............................
LINE 387 : 2020-06-17 11:35:11,404 [DEBUG   ] Start to compute es and esnulls........................
LINE 638 : 2020-06-17 11:41:53,930 [DEBUG   ] Start to compute pvals..................................
LINE 642 : 2020-06-17 11:41:53,942 [DEBUG   ] Start to compute nes and nesnull........................
LINE 653 : 2020-06-17 11:41:53,968 [DEBUG   ] Start to compute fdrs..................................
LINE 620 : 2020-06-17 11:41:54,189 [DEBUG   ] Statistical testing finished.............................
LINE 430 : 2020-06-17 11:41:54,534 [INFO    ] Start to generate GSEApy reports and figures............
LINE 445 : 2020-06-17 11:41:54,735 [INFO    ] Congratulations. GSEApy ran successfully.................

