LINE 497 : 2020-06-18 16:37:20,951 [INFO    ] Parsing data files for GSEA.............................
LINE 135 : 2020-06-18 16:37:41,944 [INFO    ] 0137 gene_sets have been filtered out when max_size=500 and min_size=1
LINE 501 : 2020-06-18 16:37:41,944 [INFO    ] 2263 gene_sets used for further statistical testing.....
LINE 502 : 2020-06-18 16:37:41,944 [INFO    ] Start to run GSEA...Might take a while..................
LINE 464 : 2020-06-18 16:37:41,945 [DEBUG   ] Start to compute enrichment scores......................
LINE 488 : 2020-06-18 16:37:41,945 [DEBUG   ] Start to compute es and esnulls........................
LINE 638 : 2020-06-18 16:56:57,888 [DEBUG   ] Start to compute pvals..................................
LINE 642 : 2020-06-18 16:56:57,904 [DEBUG   ] Start to compute nes and nesnull........................
LINE 653 : 2020-06-18 16:56:57,937 [DEBUG   ] Start to compute fdrs..................................
LINE 620 : 2020-06-18 16:56:58,183 [DEBUG   ] Statistical testing finished.............................
LINE 510 : 2020-06-18 16:56:58,189 [INFO    ] Start to generate gseapy reports, and produce figures...
LINE 522 : 2020-06-18 16:56:58,553 [INFO    ] Congratulations. GSEApy runs successfully................

LINE 497 : 2020-06-18 16:56:58,569 [INFO    ] Parsing data files for GSEA.............................
LINE 135 : 2020-06-18 16:57:14,857 [INFO    ] 0257 gene_sets have been filtered out when max_size=500 and min_size=1
LINE 501 : 2020-06-18 16:57:14,857 [INFO    ] 2143 gene_sets used for further statistical testing.....
LINE 502 : 2020-06-18 16:57:14,857 [INFO    ] Start to run GSEA...Might take a while..................
LINE 464 : 2020-06-18 16:57:14,858 [DEBUG   ] Start to compute enrichment scores......................
LINE 488 : 2020-06-18 16:57:14,858 [DEBUG   ] Start to compute es and esnulls........................
LINE 638 : 2020-06-18 17:09:12,875 [DEBUG   ] Start to compute pvals..................................
LINE 642 : 2020-06-18 17:09:12,892 [DEBUG   ] Start to compute nes and nesnull........................
LINE 653 : 2020-06-18 17:09:12,943 [DEBUG   ] Start to compute fdrs..................................
LINE 620 : 2020-06-18 17:09:13,172 [DEBUG   ] Statistical testing finished.............................
LINE 510 : 2020-06-18 17:09:13,179 [INFO    ] Start to generate gseapy reports, and produce figures...
LINE 522 : 2020-06-18 17:09:13,476 [INFO    ] Congratulations. GSEApy runs successfully................

LINE 497 : 2020-06-18 17:09:19,039 [INFO    ] Parsing data files for GSEA.............................
LINE 135 : 2020-06-18 17:09:40,907 [INFO    ] 0211 gene_sets have been filtered out when max_size=500 and min_size=1
LINE 501 : 2020-06-18 17:09:40,908 [INFO    ] 2189 gene_sets used for further statistical testing.....
LINE 502 : 2020-06-18 17:09:40,908 [INFO    ] Start to run GSEA...Might take a while..................
LINE 464 : 2020-06-18 17:09:40,908 [DEBUG   ] Start to compute enrichment scores......................
LINE 488 : 2020-06-18 17:09:40,908 [DEBUG   ] Start to compute es and esnulls........................
LINE 638 : 2020-06-18 17:26:39,349 [DEBUG   ] Start to compute pvals..................................
LINE 642 : 2020-06-18 17:26:39,365 [DEBUG   ] Start to compute nes and nesnull........................
LINE 653 : 2020-06-18 17:26:39,393 [DEBUG   ] Start to compute fdrs..................................
LINE 620 : 2020-06-18 17:26:39,624 [DEBUG   ] Statistical testing finished.............................
LINE 510 : 2020-06-18 17:26:39,627 [INFO    ] Start to generate gseapy reports, and produce figures...
LINE 522 : 2020-06-18 17:26:39,961 [INFO    ] Congratulations. GSEApy runs successfully................

LINE 497 : 2020-06-18 17:26:42,162 [INFO    ] Parsing data files for GSEA.............................
LINE 135 : 2020-06-18 17:27:04,054 [INFO    ] 0190 gene_sets have been filtered out when max_size=500 and min_size=1
LINE 501 : 2020-06-18 17:27:04,054 [INFO    ] 2210 gene_sets used for further statistical testing.....
LINE 502 : 2020-06-18 17:27:04,054 [INFO    ] Start to run GSEA...Might take a while..................
LINE 464 : 2020-06-18 17:27:04,055 [DEBUG   ] Start to compute enrichment scores......................
LINE 488 : 2020-06-18 17:27:04,055 [DEBUG   ] Start to compute es and esnulls........................
LINE 638 : 2020-06-18 17:44:10,203 [DEBUG   ] Start to compute pvals..................................
LINE 642 : 2020-06-18 17:44:10,220 [DEBUG   ] Start to compute nes and nesnull........................
LINE 653 : 2020-06-18 17:44:10,275 [DEBUG   ] Start to compute fdrs..................................
LINE 620 : 2020-06-18 17:44:10,513 [DEBUG   ] Statistical testing finished.............................
LINE 510 : 2020-06-18 17:44:10,524 [INFO    ] Start to generate gseapy reports, and produce figures...
LINE 522 : 2020-06-18 17:44:10,835 [INFO    ] Congratulations. GSEApy runs successfully................

LINE 497 : 2020-06-18 17:44:14,706 [INFO    ] Parsing data files for GSEA.............................
LINE 135 : 2020-06-18 17:44:38,215 [INFO    ] 0149 gene_sets have been filtered out when max_size=500 and min_size=1
LINE 501 : 2020-06-18 17:44:38,215 [INFO    ] 2251 gene_sets used for further statistical testing.....
LINE 502 : 2020-06-18 17:44:38,215 [INFO    ] Start to run GSEA...Might take a while..................
LINE 464 : 2020-06-18 17:44:38,222 [DEBUG   ] Start to compute enrichment scores......................
LINE 488 : 2020-06-18 17:44:38,223 [DEBUG   ] Start to compute es and esnulls........................
LINE 638 : 2020-06-18 18:03:58,533 [DEBUG   ] Start to compute pvals..................................
LINE 642 : 2020-06-18 18:03:58,547 [DEBUG   ] Start to compute nes and nesnull........................
LINE 653 : 2020-06-18 18:03:58,585 [DEBUG   ] Start to compute fdrs..................................
LINE 620 : 2020-06-18 18:03:58,825 [DEBUG   ] Statistical testing finished.............................
LINE 510 : 2020-06-18 18:03:58,833 [INFO    ] Start to generate gseapy reports, and produce figures...
LINE 522 : 2020-06-18 18:03:59,185 [INFO    ] Congratulations. GSEApy runs successfully................

LINE 497 : 2020-06-18 18:04:03,167 [INFO    ] Parsing data files for GSEA.............................
LINE 135 : 2020-06-18 18:04:23,926 [INFO    ] 0173 gene_sets have been filtered out when max_size=500 and min_size=1
LINE 501 : 2020-06-18 18:04:23,927 [INFO    ] 2227 gene_sets used for further statistical testing.....
LINE 502 : 2020-06-18 18:04:23,927 [INFO    ] Start to run GSEA...Might take a while..................
LINE 464 : 2020-06-18 18:04:23,935 [DEBUG   ] Start to compute enrichment scores......................
LINE 488 : 2020-06-18 18:04:23,935 [DEBUG   ] Start to compute es and esnulls........................
LINE 638 : 2020-06-18 18:23:54,003 [DEBUG   ] Start to compute pvals..................................
LINE 642 : 2020-06-18 18:23:54,017 [DEBUG   ] Start to compute nes and nesnull........................
LINE 653 : 2020-06-18 18:23:54,051 [DEBUG   ] Start to compute fdrs..................................
LINE 620 : 2020-06-18 18:23:54,286 [DEBUG   ] Statistical testing finished.............................
LINE 510 : 2020-06-18 18:23:54,290 [INFO    ] Start to generate gseapy reports, and produce figures...
LINE 522 : 2020-06-18 18:23:54,631 [INFO    ] Congratulations. GSEApy runs successfully................

LINE 497 : 2020-06-18 18:24:00,164 [INFO    ] Parsing data files for GSEA.............................
LINE 135 : 2020-06-18 18:24:20,193 [INFO    ] 0187 gene_sets have been filtered out when max_size=500 and min_size=1
LINE 501 : 2020-06-18 18:24:20,193 [INFO    ] 2213 gene_sets used for further statistical testing.....
LINE 502 : 2020-06-18 18:24:20,193 [INFO    ] Start to run GSEA...Might take a while..................
LINE 464 : 2020-06-18 18:24:20,194 [DEBUG   ] Start to compute enrichment scores......................
LINE 488 : 2020-06-18 18:24:20,194 [DEBUG   ] Start to compute es and esnulls........................
LINE 638 : 2020-06-18 18:44:32,226 [DEBUG   ] Start to compute pvals..................................
LINE 642 : 2020-06-18 18:44:32,243 [DEBUG   ] Start to compute nes and nesnull........................
LINE 653 : 2020-06-18 18:44:32,294 [DEBUG   ] Start to compute fdrs..................................
LINE 620 : 2020-06-18 18:44:32,555 [DEBUG   ] Statistical testing finished.............................
LINE 510 : 2020-06-18 18:44:32,563 [INFO    ] Start to generate gseapy reports, and produce figures...
LINE 522 : 2020-06-18 18:44:32,884 [INFO    ] Congratulations. GSEApy runs successfully................

LINE 497 : 2020-06-18 18:44:39,428 [INFO    ] Parsing data files for GSEA.............................
LINE 135 : 2020-06-18 18:45:00,702 [INFO    ] 0202 gene_sets have been filtered out when max_size=500 and min_size=1
LINE 501 : 2020-06-18 18:45:00,702 [INFO    ] 2198 gene_sets used for further statistical testing.....
LINE 502 : 2020-06-18 18:45:00,702 [INFO    ] Start to run GSEA...Might take a while..................
LINE 464 : 2020-06-18 18:45:00,703 [DEBUG   ] Start to compute enrichment scores......................
LINE 488 : 2020-06-18 18:45:00,703 [DEBUG   ] Start to compute es and esnulls........................
LINE 638 : 2020-06-18 18:59:30,011 [DEBUG   ] Start to compute pvals..................................
LINE 642 : 2020-06-18 18:59:30,027 [DEBUG   ] Start to compute nes and nesnull........................
LINE 653 : 2020-06-18 18:59:30,082 [DEBUG   ] Start to compute fdrs..................................
LINE 620 : 2020-06-18 18:59:30,333 [DEBUG   ] Statistical testing finished.............................
LINE 510 : 2020-06-18 18:59:30,344 [INFO    ] Start to generate gseapy reports, and produce figures...
LINE 522 : 2020-06-18 18:59:30,668 [INFO    ] Congratulations. GSEApy runs successfully................

