LINE 402 : 2020-06-16 16:17:30,486 [INFO    ] Parsing data files for GSEA.............................
LINE 380 : 2020-06-16 16:17:30,501 [WARNING ] Warning: Input data contains NA, filled NA with 0
LINE 129 : 2020-06-16 16:17:30,581 [INFO    ] Note: NumExpr detected 24 cores but "NUMEXPR_MAX_THREADS" not set, so enforcing safe limit of 8.
LINE 135 : 2020-06-16 16:17:39,389 [INFO    ] 0000 gene_sets have been filtered out when max_size=1000 and min_size=1
LINE 416 : 2020-06-16 16:17:39,389 [INFO    ] 0308 gene_sets used for further statistical testing.....
LINE 417 : 2020-06-16 16:17:39,389 [INFO    ] Start to run GSEA...Might take a while..................
LINE 367 : 2020-06-16 16:17:39,391 [DEBUG   ] Start to permutate classes..............................
LINE 387 : 2020-06-16 16:17:54,437 [DEBUG   ] Start to compute es and esnulls........................
LINE 638 : 2020-06-16 16:18:50,514 [DEBUG   ] Start to compute pvals..................................
LINE 642 : 2020-06-16 16:18:50,516 [DEBUG   ] Start to compute nes and nesnull........................
LINE 653 : 2020-06-16 16:18:50,519 [DEBUG   ] Start to compute fdrs..................................
LINE 620 : 2020-06-16 16:18:50,532 [DEBUG   ] Statistical testing finished.............................
LINE 430 : 2020-06-16 16:18:51,145 [INFO    ] Start to generate GSEApy reports and figures............
LINE 445 : 2020-06-16 16:18:51,259 [INFO    ] Congratulations. GSEApy ran successfully.................

LINE 402 : 2020-06-16 16:18:51,263 [INFO    ] Parsing data files for GSEA.............................
LINE 380 : 2020-06-16 16:18:51,272 [WARNING ] Warning: Input data contains NA, filled NA with 0
LINE 135 : 2020-06-16 16:18:59,503 [INFO    ] 0000 gene_sets have been filtered out when max_size=1000 and min_size=1
LINE 416 : 2020-06-16 16:18:59,504 [INFO    ] 0308 gene_sets used for further statistical testing.....
LINE 417 : 2020-06-16 16:18:59,504 [INFO    ] Start to run GSEA...Might take a while..................
LINE 367 : 2020-06-16 16:18:59,505 [DEBUG   ] Start to permutate classes..............................
LINE 387 : 2020-06-16 16:19:16,092 [DEBUG   ] Start to compute es and esnulls........................
LINE 638 : 2020-06-16 16:20:08,678 [DEBUG   ] Start to compute pvals..................................
LINE 642 : 2020-06-16 16:20:08,679 [DEBUG   ] Start to compute nes and nesnull........................
LINE 653 : 2020-06-16 16:20:08,681 [DEBUG   ] Start to compute fdrs..................................
LINE 620 : 2020-06-16 16:20:08,694 [DEBUG   ] Statistical testing finished.............................
LINE 430 : 2020-06-16 16:20:09,245 [INFO    ] Start to generate GSEApy reports and figures............
LINE 445 : 2020-06-16 16:20:09,353 [INFO    ] Congratulations. GSEApy ran successfully.................

LINE 402 : 2020-06-16 16:20:09,362 [INFO    ] Parsing data files for GSEA.............................
LINE 380 : 2020-06-16 16:20:09,371 [WARNING ] Warning: Input data contains NA, filled NA with 0
LINE 135 : 2020-06-16 16:20:15,418 [INFO    ] 0001 gene_sets have been filtered out when max_size=1000 and min_size=1
LINE 416 : 2020-06-16 16:20:15,418 [INFO    ] 0307 gene_sets used for further statistical testing.....
LINE 417 : 2020-06-16 16:20:15,418 [INFO    ] Start to run GSEA...Might take a while..................
LINE 367 : 2020-06-16 16:20:15,419 [DEBUG   ] Start to permutate classes..............................
LINE 387 : 2020-06-16 16:20:24,909 [DEBUG   ] Start to compute es and esnulls........................
LINE 638 : 2020-06-16 16:21:01,911 [DEBUG   ] Start to compute pvals..................................
LINE 642 : 2020-06-16 16:21:01,913 [DEBUG   ] Start to compute nes and nesnull........................
LINE 653 : 2020-06-16 16:21:01,914 [DEBUG   ] Start to compute fdrs..................................
LINE 620 : 2020-06-16 16:21:01,927 [DEBUG   ] Statistical testing finished.............................
LINE 430 : 2020-06-16 16:21:02,370 [INFO    ] Start to generate GSEApy reports and figures............
LINE 445 : 2020-06-16 16:21:02,472 [INFO    ] Congratulations. GSEApy ran successfully.................

LINE 402 : 2020-06-16 16:21:02,483 [INFO    ] Parsing data files for GSEA.............................
LINE 380 : 2020-06-16 16:21:02,493 [WARNING ] Warning: Input data contains NA, filled NA with 0
LINE 135 : 2020-06-16 16:21:10,794 [INFO    ] 0001 gene_sets have been filtered out when max_size=1000 and min_size=1
LINE 416 : 2020-06-16 16:21:10,795 [INFO    ] 0307 gene_sets used for further statistical testing.....
LINE 417 : 2020-06-16 16:21:10,795 [INFO    ] Start to run GSEA...Might take a while..................
LINE 367 : 2020-06-16 16:21:10,795 [DEBUG   ] Start to permutate classes..............................
LINE 387 : 2020-06-16 16:21:20,818 [DEBUG   ] Start to compute es and esnulls........................
LINE 638 : 2020-06-16 16:22:16,206 [DEBUG   ] Start to compute pvals..................................
LINE 642 : 2020-06-16 16:22:16,208 [DEBUG   ] Start to compute nes and nesnull........................
LINE 653 : 2020-06-16 16:22:16,209 [DEBUG   ] Start to compute fdrs..................................
LINE 620 : 2020-06-16 16:22:16,222 [DEBUG   ] Statistical testing finished.............................
LINE 430 : 2020-06-16 16:22:16,770 [INFO    ] Start to generate GSEApy reports and figures............
LINE 445 : 2020-06-16 16:22:16,876 [INFO    ] Congratulations. GSEApy ran successfully.................

LINE 402 : 2020-06-16 16:22:16,884 [INFO    ] Parsing data files for GSEA.............................
LINE 380 : 2020-06-16 16:22:16,894 [WARNING ] Warning: Input data contains NA, filled NA with 0
LINE 135 : 2020-06-16 16:22:24,641 [INFO    ] 0000 gene_sets have been filtered out when max_size=1000 and min_size=1
LINE 416 : 2020-06-16 16:22:24,641 [INFO    ] 0308 gene_sets used for further statistical testing.....
LINE 417 : 2020-06-16 16:22:24,641 [INFO    ] Start to run GSEA...Might take a while..................
LINE 367 : 2020-06-16 16:22:24,642 [DEBUG   ] Start to permutate classes..............................
LINE 387 : 2020-06-16 16:22:37,606 [DEBUG   ] Start to compute es and esnulls........................
LINE 638 : 2020-06-16 16:23:26,942 [DEBUG   ] Start to compute pvals..................................
LINE 642 : 2020-06-16 16:23:26,943 [DEBUG   ] Start to compute nes and nesnull........................
LINE 653 : 2020-06-16 16:23:26,945 [DEBUG   ] Start to compute fdrs..................................
LINE 620 : 2020-06-16 16:23:26,957 [DEBUG   ] Statistical testing finished.............................
LINE 430 : 2020-06-16 16:23:27,506 [INFO    ] Start to generate GSEApy reports and figures............
LINE 445 : 2020-06-16 16:23:27,616 [INFO    ] Congratulations. GSEApy ran successfully.................

LINE 402 : 2020-06-16 16:23:27,630 [INFO    ] Parsing data files for GSEA.............................
LINE 380 : 2020-06-16 16:23:27,643 [WARNING ] Warning: Input data contains NA, filled NA with 0
LINE 135 : 2020-06-16 16:23:36,061 [INFO    ] 0001 gene_sets have been filtered out when max_size=1000 and min_size=1
LINE 416 : 2020-06-16 16:23:36,061 [INFO    ] 0307 gene_sets used for further statistical testing.....
LINE 417 : 2020-06-16 16:23:36,061 [INFO    ] Start to run GSEA...Might take a while..................
LINE 367 : 2020-06-16 16:23:36,062 [DEBUG   ] Start to permutate classes..............................
LINE 387 : 2020-06-16 16:23:49,284 [DEBUG   ] Start to compute es and esnulls........................
LINE 638 : 2020-06-16 16:24:44,058 [DEBUG   ] Start to compute pvals..................................
LINE 642 : 2020-06-16 16:24:44,059 [DEBUG   ] Start to compute nes and nesnull........................
LINE 653 : 2020-06-16 16:24:44,061 [DEBUG   ] Start to compute fdrs..................................
LINE 620 : 2020-06-16 16:24:44,073 [DEBUG   ] Statistical testing finished.............................
LINE 430 : 2020-06-16 16:24:44,631 [INFO    ] Start to generate GSEApy reports and figures............
LINE 445 : 2020-06-16 16:24:44,749 [INFO    ] Congratulations. GSEApy ran successfully.................

LINE 402 : 2020-06-16 16:24:44,761 [INFO    ] Parsing data files for GSEA.............................
LINE 380 : 2020-06-16 16:24:44,769 [WARNING ] Warning: Input data contains NA, filled NA with 0
LINE 135 : 2020-06-16 16:24:53,081 [INFO    ] 0000 gene_sets have been filtered out when max_size=1000 and min_size=1
LINE 416 : 2020-06-16 16:24:53,081 [INFO    ] 0308 gene_sets used for further statistical testing.....
LINE 417 : 2020-06-16 16:24:53,081 [INFO    ] Start to run GSEA...Might take a while..................
LINE 367 : 2020-06-16 16:24:53,082 [DEBUG   ] Start to permutate classes..............................
LINE 387 : 2020-06-16 16:25:01,088 [DEBUG   ] Start to compute es and esnulls........................
LINE 638 : 2020-06-16 16:25:54,833 [DEBUG   ] Start to compute pvals..................................
LINE 642 : 2020-06-16 16:25:54,834 [DEBUG   ] Start to compute nes and nesnull........................
LINE 653 : 2020-06-16 16:25:54,836 [DEBUG   ] Start to compute fdrs..................................
LINE 620 : 2020-06-16 16:25:54,849 [DEBUG   ] Statistical testing finished.............................
LINE 430 : 2020-06-16 16:25:55,423 [INFO    ] Start to generate GSEApy reports and figures............
LINE 445 : 2020-06-16 16:25:55,528 [INFO    ] Congratulations. GSEApy ran successfully.................

LINE 402 : 2020-06-16 16:25:55,536 [INFO    ] Parsing data files for GSEA.............................
LINE 380 : 2020-06-16 16:25:55,543 [WARNING ] Warning: Input data contains NA, filled NA with 0
LINE 135 : 2020-06-16 16:26:03,101 [INFO    ] 0001 gene_sets have been filtered out when max_size=1000 and min_size=1
LINE 416 : 2020-06-16 16:26:03,102 [INFO    ] 0307 gene_sets used for further statistical testing.....
LINE 417 : 2020-06-16 16:26:03,102 [INFO    ] Start to run GSEA...Might take a while..................
LINE 367 : 2020-06-16 16:26:03,103 [DEBUG   ] Start to permutate classes..............................
LINE 387 : 2020-06-16 16:26:08,975 [DEBUG   ] Start to compute es and esnulls........................
LINE 638 : 2020-06-16 16:26:58,014 [DEBUG   ] Start to compute pvals..................................
LINE 642 : 2020-06-16 16:26:58,016 [DEBUG   ] Start to compute nes and nesnull........................
LINE 653 : 2020-06-16 16:26:58,018 [DEBUG   ] Start to compute fdrs..................................
LINE 620 : 2020-06-16 16:26:58,030 [DEBUG   ] Statistical testing finished.............................
LINE 430 : 2020-06-16 16:26:58,536 [INFO    ] Start to generate GSEApy reports and figures............
LINE 445 : 2020-06-16 16:26:58,635 [INFO    ] Congratulations. GSEApy ran successfully.................

